[ 2017-11-15T10:59:31+08:00 ] 127.0.0.1 /denglu_files/logo.png
INFO: [ app_init ] --START--
INFO: Run Behavior\BuildLiteBehavior [ RunTime:0.000021s ]
INFO: [ app_init ] --END-- [ RunTime:0.000618s ]
ERR: 无法加载模块:Denglu_files

[ 2017-11-15T10:59:32+08:00 ] 127.0.0.1 /favicon.ico
INFO: [ app_init ] --START--
INFO: Run Behavior\BuildLiteBehavior [ RunTime:0.000047s ]
INFO: [ app_init ] --END-- [ RunTime:0.000559s ]
ERR: 无法加载模块:Favicon

[ 2017-11-15T10:59:36+08:00 ] 127.0.0.1 /Public/index_files/patterns/header-profile.png
INFO: [ app_init ] --START--
INFO: Run Behavior\BuildLiteBehavior [ RunTime:0.000027s ]
INFO: [ app_init ] --END-- [ RunTime:0.000969s ]
ERR: 无法加载模块:Public

[ 2017-11-15T11:01:04+08:00 ] 127.0.0.1 /Public/index_files/patterns/header-profile.png
INFO: [ app_init ] --START--
INFO: Run Behavior\BuildLiteBehavior [ RunTime:0.000020s ]
INFO: [ app_init ] --END-- [ RunTime:0.000519s ]
ERR: 无法加载模块:Public

[ 2017-11-15T11:01:18+08:00 ] 127.0.0.1 /Public/index_files/patterns/header-profile.png
INFO: [ app_init ] --START--
INFO: Run Behavior\BuildLiteBehavior [ RunTime:0.000033s ]
INFO: [ app_init ] --END-- [ RunTime:0.000756s ]
ERR: 无法加载模块:Public

[ 2017-11-15T11:01:32+08:00 ] 127.0.0.1 /Public/index_files/patterns/header-profile.png
INFO: [ app_init ] --START--
INFO: Run Behavior\BuildLiteBehavior [ RunTime:0.000025s ]
INFO: [ app_init ] --END-- [ RunTime:0.000612s ]
ERR: 无法加载模块:Public

[ 2017-11-15T11:01:34+08:00 ] 127.0.0.1 /Public/index_files/patterns/header-profile.png
INFO: [ app_init ] --START--
INFO: Run Behavior\BuildLiteBehavior [ RunTime:0.000019s ]
INFO: [ app_init ] --END-- [ RunTime:0.000466s ]
ERR: 无法加载模块:Public

[ 2017-11-15T11:36:30+08:00 ] 127.0.0.1 /Public/index_files/patterns/header-profile.png
INFO: [ app_init ] --START--
INFO: Run Behavior\BuildLiteBehavior [ RunTime:0.000021s ]
INFO: [ app_init ] --END-- [ RunTime:0.000522s ]
ERR: 无法加载模块:Public

[ 2017-11-15T11:36:49+08:00 ] 127.0.0.1 /Public/index_files/patterns/header-profile.png
INFO: [ app_init ] --START--
INFO: Run Behavior\BuildLiteBehavior [ RunTime:0.000023s ]
INFO: [ app_init ] --END-- [ RunTime:0.000638s ]
ERR: 无法加载模块:Public

[ 2017-11-15T11:37:51+08:00 ] 127.0.0.1 /Public/index_files/patterns/header-profile.png
INFO: [ app_init ] --START--
INFO: Run Behavior\BuildLiteBehavior [ RunTime:0.000013s ]
INFO: [ app_init ] --END-- [ RunTime:0.000326s ]
ERR: 无法加载模块:Public

[ 2017-11-15T11:38:12+08:00 ] 127.0.0.1 /Public/index_files/patterns/header-profile.png
INFO: [ app_init ] --START--
INFO: Run Behavior\BuildLiteBehavior [ RunTime:0.000019s ]
INFO: [ app_init ] --END-- [ RunTime:0.000388s ]
ERR: 无法加载模块:Public

[ 2017-11-15T11:38:49+08:00 ] 127.0.0.1 /Public/index_files/bootstrap.min.css.map
INFO: [ app_init ] --START--
INFO: Run Behavior\BuildLiteBehavior [ RunTime:0.000021s ]
INFO: [ app_init ] --END-- [ RunTime:0.000529s ]
ERR: 无法加载模块:Public

[ 2017-11-15T11:38:55+08:00 ] 127.0.0.1 /Public/index_files/patterns/header-profile.png
INFO: [ app_init ] --START--
INFO: Run Behavior\BuildLiteBehavior [ RunTime:0.000039s ]
INFO: [ app_init ] --END-- [ RunTime:0.001137s ]
ERR: 无法加载模块:Public

[ 2017-11-15T11:38:55+08:00 ] 127.0.0.1 /Public/index_files/bootstrap.min.css.map
INFO: [ app_init ] --START--
INFO: Run Behavior\BuildLiteBehavior [ RunTime:0.000023s ]
INFO: [ app_init ] --END-- [ RunTime:0.000499s ]
ERR: 无法加载模块:Public

[ 2017-11-15T11:45:19+08:00 ] 127.0.0.1 /Public/index_files/bootstrap.min.css.map
INFO: [ app_init ] --START--
INFO: Run Behavior\BuildLiteBehavior [ RunTime:0.000020s ]
INFO: [ app_init ] --END-- [ RunTime:0.000564s ]
ERR: 无法加载模块:Public

[ 2017-11-15T11:45:20+08:00 ] 127.0.0.1 /Public/index_files/patterns/header-profile.png
INFO: [ app_init ] --START--
INFO: Run Behavior\BuildLiteBehavior [ RunTime:0.000022s ]
INFO: [ app_init ] --END-- [ RunTime:0.000545s ]
ERR: 无法加载模块:Public

[ 2017-11-15T11:45:20+08:00 ] 127.0.0.1 /Public/index_files/bootstrap.min.css.map
INFO: [ app_init ] --START--
INFO: Run Behavior\BuildLiteBehavior [ RunTime:0.000028s ]
INFO: [ app_init ] --END-- [ RunTime:0.000647s ]
ERR: 无法加载模块:Public

[ 2017-11-15T11:45:23+08:00 ] 127.0.0.1 /Public/index_files/patterns/header-profile.png
INFO: [ app_init ] --START--
INFO: Run Behavior\BuildLiteBehavior [ RunTime:0.000028s ]
INFO: [ app_init ] --END-- [ RunTime:0.000763s ]
ERR: 无法加载模块:Public

[ 2017-11-15T11:45:23+08:00 ] 127.0.0.1 /Public/index_files/bootstrap.min.css.map
INFO: [ app_init ] --START--
INFO: Run Behavior\BuildLiteBehavior [ RunTime:0.000025s ]
INFO: [ app_init ] --END-- [ RunTime:0.000478s ]
ERR: 无法加载模块:Public

[ 2017-11-15T11:45:29+08:00 ] 127.0.0.1 /Public/index_files/bootstrap.min.css.map
INFO: [ app_init ] --START--
INFO: Run Behavior\BuildLiteBehavior [ RunTime:0.000023s ]
INFO: [ app_init ] --END-- [ RunTime:0.000530s ]
ERR: 无法加载模块:Public

[ 2017-11-15T11:45:30+08:00 ] 127.0.0.1 /Public/index_files/bootstrap.min.css.map
INFO: [ app_init ] --START--
INFO: Run Behavior\BuildLiteBehavior [ RunTime:0.000020s ]
INFO: [ app_init ] --END-- [ RunTime:0.000487s ]
ERR: 无法加载模块:Public

[ 2017-11-15T11:45:39+08:00 ] 127.0.0.1 /Public/index_files/patterns/header-profile.png
INFO: [ app_init ] --START--
INFO: Run Behavior\BuildLiteBehavior [ RunTime:0.000021s ]
INFO: [ app_init ] --END-- [ RunTime:0.000509s ]
ERR: 无法加载模块:Public

[ 2017-11-15T11:45:39+08:00 ] 127.0.0.1 /Public/index_files/bootstrap.min.css.map
INFO: [ app_init ] --START--
INFO: Run Behavior\BuildLiteBehavior [ RunTime:0.000024s ]
INFO: [ app_init ] --END-- [ RunTime:0.000583s ]
ERR: 无法加载模块:Public

[ 2017-11-15T11:47:23+08:00 ] 127.0.0.1 /Public/index_files/patterns/header-profile.png
INFO: [ app_init ] --START--
INFO: Run Behavior\BuildLiteBehavior [ RunTime:0.000023s ]
INFO: [ app_init ] --END-- [ RunTime:0.000560s ]
ERR: 无法加载模块:Public

[ 2017-11-15T11:47:23+08:00 ] 127.0.0.1 /Public/index_files/bootstrap.min.css.map
INFO: [ app_init ] --START--
INFO: Run Behavior\BuildLiteBehavior [ RunTime:0.000025s ]
INFO: [ app_init ] --END-- [ RunTime:0.000489s ]
ERR: 无法加载模块:Public

[ 2017-11-15T11:47:40+08:00 ] 127.0.0.1 /Public/index_files/patterns/header-profile.png
INFO: [ app_init ] --START--
INFO: Run Behavior\BuildLiteBehavior [ RunTime:0.000022s ]
INFO: [ app_init ] --END-- [ RunTime:0.000500s ]
ERR: 无法加载模块:Public

[ 2017-11-15T11:47:40+08:00 ] 127.0.0.1 /Public/index_files/bootstrap.min.css.map
INFO: [ app_init ] --START--
INFO: Run Behavior\BuildLiteBehavior [ RunTime:0.000019s ]
INFO: [ app_init ] --END-- [ RunTime:0.000439s ]
ERR: 无法加载模块:Public

[ 2017-11-15T11:48:15+08:00 ] 127.0.0.1 /Public/index_files/patterns/header-profile.png
INFO: [ app_init ] --START--
INFO: Run Behavior\BuildLiteBehavior [ RunTime:0.000022s ]
INFO: [ app_init ] --END-- [ RunTime:0.000656s ]
ERR: 无法加载模块:Public

[ 2017-11-15T11:48:16+08:00 ] 127.0.0.1 /Public/index_files/bootstrap.min.css.map
INFO: [ app_init ] --START--
INFO: Run Behavior\BuildLiteBehavior [ RunTime:0.000014s ]
INFO: [ app_init ] --END-- [ RunTime:0.000338s ]
ERR: 无法加载模块:Public

[ 2017-11-15T11:49:01+08:00 ] 127.0.0.1 /Public/index_files/patterns/header-profile.png
INFO: [ app_init ] --START--
INFO: Run Behavior\BuildLiteBehavior [ RunTime:0.000036s ]
INFO: [ app_init ] --END-- [ RunTime:0.000875s ]
ERR: 无法加载模块:Public

[ 2017-11-15T11:49:01+08:00 ] 127.0.0.1 /Public/index_files/bootstrap.min.css.map
INFO: [ app_init ] --START--
INFO: Run Behavior\BuildLiteBehavior [ RunTime:0.000014s ]
INFO: [ app_init ] --END-- [ RunTime:0.000330s ]
ERR: 无法加载模块:Public

[ 2017-11-15T12:32:26+08:00 ] 127.0.0.1 /Public/index_files/patterns/header-profile.png
INFO: [ app_init ] --START--
INFO: Run Behavior\BuildLiteBehavior [ RunTime:0.000021s ]
INFO: [ app_init ] --END-- [ RunTime:0.000598s ]
ERR: 无法加载模块:Public

[ 2017-11-15T12:32:26+08:00 ] 127.0.0.1 /Public/index_files/bootstrap.min.css.map
INFO: [ app_init ] --START--
INFO: Run Behavior\BuildLiteBehavior [ RunTime:0.000020s ]
INFO: [ app_init ] --END-- [ RunTime:0.000590s ]
ERR: 无法加载模块:Public

[ 2017-11-15T12:36:03+08:00 ] 127.0.0.1 /Public/index_files/patterns/header-profile.png
INFO: [ app_init ] --START--
INFO: Run Behavior\BuildLiteBehavior [ RunTime:0.000030s ]
INFO: [ app_init ] --END-- [ RunTime:0.000687s ]
ERR: 无法加载模块:Public

[ 2017-11-15T12:36:03+08:00 ] 127.0.0.1 /Public/index_files/bootstrap.min.css.map
INFO: [ app_init ] --START--
INFO: Run Behavior\BuildLiteBehavior [ RunTime:0.000021s ]
INFO: [ app_init ] --END-- [ RunTime:0.000485s ]
ERR: 无法加载模块:Public

[ 2017-11-15T12:36:25+08:00 ] 127.0.0.1 /Public/index_files/patterns/header-profile.png
INFO: [ app_init ] --START--
INFO: Run Behavior\BuildLiteBehavior [ RunTime:0.000021s ]
INFO: [ app_init ] --END-- [ RunTime:0.000604s ]
ERR: 无法加载模块:Public

[ 2017-11-15T12:36:25+08:00 ] 127.0.0.1 /Public/index_files/bootstrap.min.css.map
INFO: [ app_init ] --START--
INFO: Run Behavior\BuildLiteBehavior [ RunTime:0.000013s ]
INFO: [ app_init ] --END-- [ RunTime:0.000309s ]
ERR: 无法加载模块:Public

[ 2017-11-15T12:37:03+08:00 ] 127.0.0.1 /Public/index_files/patterns/header-profile.png
INFO: [ app_init ] --START--
INFO: Run Behavior\BuildLiteBehavior [ RunTime:0.000021s ]
INFO: [ app_init ] --END-- [ RunTime:0.000490s ]
ERR: 无法加载模块:Public

[ 2017-11-15T12:37:03+08:00 ] 127.0.0.1 /Public/index_files/bootstrap.min.css.map
INFO: [ app_init ] --START--
INFO: Run Behavior\BuildLiteBehavior [ RunTime:0.000019s ]
INFO: [ app_init ] --END-- [ RunTime:0.000464s ]
ERR: 无法加载模块:Public

[ 2017-11-15T12:38:06+08:00 ] 127.0.0.1 /Public/index_files/patterns/header-profile.png
INFO: [ app_init ] --START--
INFO: Run Behavior\BuildLiteBehavior [ RunTime:0.000046s ]
INFO: [ app_init ] --END-- [ RunTime:0.000932s ]
ERR: 无法加载模块:Public

[ 2017-11-15T12:38:06+08:00 ] 127.0.0.1 /Public/index_files/bootstrap.min.css.map
INFO: [ app_init ] --START--
INFO: Run Behavior\BuildLiteBehavior [ RunTime:0.000034s ]
INFO: [ app_init ] --END-- [ RunTime:0.000722s ]
ERR: 无法加载模块:Public

[ 2017-11-15T12:41:22+08:00 ] 127.0.0.1 /Public/index_files/patterns/header-profile.png
INFO: [ app_init ] --START--
INFO: Run Behavior\BuildLiteBehavior [ RunTime:0.000013s ]
INFO: [ app_init ] --END-- [ RunTime:0.000343s ]
ERR: 无法加载模块:Public

[ 2017-11-15T12:41:22+08:00 ] 127.0.0.1 /Public/index_files/bootstrap.min.css.map
INFO: [ app_init ] --START--
INFO: Run Behavior\BuildLiteBehavior [ RunTime:0.000019s ]
INFO: [ app_init ] --END-- [ RunTime:0.000473s ]
ERR: 无法加载模块:Public

[ 2017-11-15T12:41:51+08:00 ] 127.0.0.1 /Public/index_files/patterns/header-profile.png
INFO: [ app_init ] --START--
INFO: Run Behavior\BuildLiteBehavior [ RunTime:0.000028s ]
INFO: [ app_init ] --END-- [ RunTime:0.000695s ]
ERR: 无法加载模块:Public

[ 2017-11-15T12:41:51+08:00 ] 127.0.0.1 /Public/index_files/bootstrap.min.css.map
INFO: [ app_init ] --START--
INFO: Run Behavior\BuildLiteBehavior [ RunTime:0.000012s ]
INFO: [ app_init ] --END-- [ RunTime:0.000304s ]
ERR: 无法加载模块:Public

[ 2017-11-15T12:42:03+08:00 ] 127.0.0.1 /Public/index_files/patterns/header-profile.png
INFO: [ app_init ] --START--
INFO: Run Behavior\BuildLiteBehavior [ RunTime:0.000019s ]
INFO: [ app_init ] --END-- [ RunTime:0.000454s ]
ERR: 无法加载模块:Public

[ 2017-11-15T12:42:03+08:00 ] 127.0.0.1 /Public/index_files/bootstrap.min.css.map
INFO: [ app_init ] --START--
INFO: Run Behavior\BuildLiteBehavior [ RunTime:0.000014s ]
INFO: [ app_init ] --END-- [ RunTime:0.000346s ]
ERR: 无法加载模块:Public

[ 2017-11-15T12:42:12+08:00 ] 127.0.0.1 /Public/index_files/patterns/header-profile.png
INFO: [ app_init ] --START--
INFO: Run Behavior\BuildLiteBehavior [ RunTime:0.000014s ]
INFO: [ app_init ] --END-- [ RunTime:0.000354s ]
ERR: 无法加载模块:Public

[ 2017-11-15T12:42:12+08:00 ] 127.0.0.1 /Public/index_files/bootstrap.min.css.map
INFO: [ app_init ] --START--
INFO: Run Behavior\BuildLiteBehavior [ RunTime:0.000015s ]
INFO: [ app_init ] --END-- [ RunTime:0.000332s ]
ERR: 无法加载模块:Public

[ 2017-11-15T12:42:23+08:00 ] 127.0.0.1 /Public/index_files/patterns/header-profile.png
INFO: [ app_init ] --START--
INFO: Run Behavior\BuildLiteBehavior [ RunTime:0.000030s ]
INFO: [ app_init ] --END-- [ RunTime:0.000713s ]
ERR: 无法加载模块:Public

[ 2017-11-15T12:42:23+08:00 ] 127.0.0.1 /Public/index_files/bootstrap.min.css.map
INFO: [ app_init ] --START--
INFO: Run Behavior\BuildLiteBehavior [ RunTime:0.000025s ]
INFO: [ app_init ] --END-- [ RunTime:0.000617s ]
ERR: 无法加载模块:Public

[ 2017-11-15T12:42:49+08:00 ] 127.0.0.1 /Public/index_files/patterns/header-profile.png
INFO: [ app_init ] --START--
INFO: Run Behavior\BuildLiteBehavior [ RunTime:0.000029s ]
INFO: [ app_init ] --END-- [ RunTime:0.000569s ]
ERR: 无法加载模块:Public

[ 2017-11-15T12:42:49+08:00 ] 127.0.0.1 /Public/index_files/bootstrap.min.css.map
INFO: [ app_init ] --START--
INFO: Run Behavior\BuildLiteBehavior [ RunTime:0.000020s ]
INFO: [ app_init ] --END-- [ RunTime:0.000356s ]
ERR: 无法加载模块:Public

[ 2017-11-15T12:43:02+08:00 ] 127.0.0.1 /Public/index_files/patterns/header-profile.png
INFO: [ app_init ] --START--
INFO: Run Behavior\BuildLiteBehavior [ RunTime:0.000032s ]
INFO: [ app_init ] --END-- [ RunTime:0.000720s ]
ERR: 无法加载模块:Public

[ 2017-11-15T12:43:02+08:00 ] 127.0.0.1 /Public/index_files/bootstrap.min.css.map
INFO: [ app_init ] --START--
INFO: Run Behavior\BuildLiteBehavior [ RunTime:0.000019s ]
INFO: [ app_init ] --END-- [ RunTime:0.000481s ]
ERR: 无法加载模块:Public

[ 2017-11-15T12:43:43+08:00 ] 127.0.0.1 /Public/index_files/patterns/header-profile.png
INFO: [ app_init ] --START--
INFO: Run Behavior\BuildLiteBehavior [ RunTime:0.000027s ]
INFO: [ app_init ] --END-- [ RunTime:0.000636s ]
ERR: 无法加载模块:Public

[ 2017-11-15T12:43:43+08:00 ] 127.0.0.1 /Public/index_files/bootstrap.min.css.map
INFO: [ app_init ] --START--
INFO: Run Behavior\BuildLiteBehavior [ RunTime:0.000014s ]
INFO: [ app_init ] --END-- [ RunTime:0.000319s ]
ERR: 无法加载模块:Public

[ 2017-11-15T12:43:52+08:00 ] 127.0.0.1 /Public/index_files/patterns/header-profile.png
INFO: [ app_init ] --START--
INFO: Run Behavior\BuildLiteBehavior [ RunTime:0.000020s ]
INFO: [ app_init ] --END-- [ RunTime:0.000529s ]
ERR: 无法加载模块:Public

[ 2017-11-15T12:43:52+08:00 ] 127.0.0.1 /Public/index_files/bootstrap.min.css.map
INFO: [ app_init ] --START--
INFO: Run Behavior\BuildLiteBehavior [ RunTime:0.000021s ]
INFO: [ app_init ] --END-- [ RunTime:0.000513s ]
ERR: 无法加载模块:Public

[ 2017-11-15T12:44:07+08:00 ] 127.0.0.1 /Public/index_files/patterns/header-profile.png
INFO: [ app_init ] --START--
INFO: Run Behavior\BuildLiteBehavior [ RunTime:0.000025s ]
INFO: [ app_init ] --END-- [ RunTime:0.000571s ]
ERR: 无法加载模块:Public

[ 2017-11-15T12:44:07+08:00 ] 127.0.0.1 /Public/index_files/bootstrap.min.css.map
INFO: [ app_init ] --START--
INFO: Run Behavior\BuildLiteBehavior [ RunTime:0.000023s ]
INFO: [ app_init ] --END-- [ RunTime:0.000541s ]
ERR: 无法加载模块:Public

[ 2017-11-15T12:44:51+08:00 ] 127.0.0.1 /Public/index_files/bootstrap.min.css.map
INFO: [ app_init ] --START--
INFO: Run Behavior\BuildLiteBehavior [ RunTime:0.000014s ]
INFO: [ app_init ] --END-- [ RunTime:0.000332s ]
ERR: 无法加载模块:Public

[ 2017-11-15T12:44:51+08:00 ] 127.0.0.1 /Public/index_files/patterns/header-profile.png
INFO: [ app_init ] --START--
INFO: Run Behavior\BuildLiteBehavior [ RunTime:0.000021s ]
INFO: [ app_init ] --END-- [ RunTime:0.000524s ]
ERR: 无法加载模块:Public

[ 2017-11-15T12:46:07+08:00 ] 127.0.0.1 /Public/index_files/bootstrap.min.css.map
INFO: [ app_init ] --START--
INFO: Run Behavior\BuildLiteBehavior [ RunTime:0.000021s ]
INFO: [ app_init ] --END-- [ RunTime:0.000506s ]
ERR: 无法加载模块:Public

[ 2017-11-15T12:46:07+08:00 ] 127.0.0.1 /Public/index_files/patterns/header-profile.png
INFO: [ app_init ] --START--
INFO: Run Behavior\BuildLiteBehavior [ RunTime:0.000021s ]
INFO: [ app_init ] --END-- [ RunTime:0.000553s ]
ERR: 无法加载模块:Public

[ 2017-11-15T12:46:23+08:00 ] 127.0.0.1 /Public/index_files/bootstrap.min.css.map
INFO: [ app_init ] --START--
INFO: Run Behavior\BuildLiteBehavior [ RunTime:0.000023s ]
INFO: [ app_init ] --END-- [ RunTime:0.000535s ]
ERR: 无法加载模块:Public

[ 2017-11-15T12:46:23+08:00 ] 127.0.0.1 /Public/index_files/patterns/header-profile.png
INFO: [ app_init ] --START--
INFO: Run Behavior\BuildLiteBehavior [ RunTime:0.000030s ]
INFO: [ app_init ] --END-- [ RunTime:0.000542s ]
ERR: 无法加载模块:Public

[ 2017-11-15T12:46:25+08:00 ] 127.0.0.1 /Public/index_files/bootstrap.min.css.map
INFO: [ app_init ] --START--
INFO: Run Behavior\BuildLiteBehavior [ RunTime:0.000025s ]
INFO: [ app_init ] --END-- [ RunTime:0.000649s ]
ERR: 无法加载模块:Public

[ 2017-11-15T12:46:25+08:00 ] 127.0.0.1 /Public/index_files/patterns/header-profile.png
INFO: [ app_init ] --START--
INFO: Run Behavior\BuildLiteBehavior [ RunTime:0.000019s ]
INFO: [ app_init ] --END-- [ RunTime:0.000475s ]
ERR: 无法加载模块:Public

[ 2017-11-15T12:47:12+08:00 ] 127.0.0.1 /Public/index_files/bootstrap.min.css.map
INFO: [ app_init ] --START--
INFO: Run Behavior\BuildLiteBehavior [ RunTime:0.000020s ]
INFO: [ app_init ] --END-- [ RunTime:0.000460s ]
ERR: 无法加载模块:Public

[ 2017-11-15T12:47:12+08:00 ] 127.0.0.1 /Public/index_files/patterns/header-profile.png
INFO: [ app_init ] --START--
INFO: Run Behavior\BuildLiteBehavior [ RunTime:0.000022s ]
INFO: [ app_init ] --END-- [ RunTime:0.000551s ]
ERR: 无法加载模块:Public

[ 2017-11-15T12:47:20+08:00 ] 127.0.0.1 /Public/index_files/bootstrap.min.css.map
INFO: [ app_init ] --START--
INFO: Run Behavior\BuildLiteBehavior [ RunTime:0.000022s ]
INFO: [ app_init ] --END-- [ RunTime:0.000507s ]
ERR: 无法加载模块:Public

[ 2017-11-15T12:47:20+08:00 ] 127.0.0.1 /Public/index_files/patterns/header-profile.png
INFO: [ app_init ] --START--
INFO: Run Behavior\BuildLiteBehavior [ RunTime:0.000021s ]
INFO: [ app_init ] --END-- [ RunTime:0.000542s ]
ERR: 无法加载模块:Public

[ 2017-11-15T12:47:30+08:00 ] 127.0.0.1 /Public/index_files/bootstrap.min.css.map
INFO: [ app_init ] --START--
INFO: Run Behavior\BuildLiteBehavior [ RunTime:0.000026s ]
INFO: [ app_init ] --END-- [ RunTime:0.000545s ]
ERR: 无法加载模块:Public

[ 2017-11-15T12:47:30+08:00 ] 127.0.0.1 /Public/index_files/patterns/header-profile.png
INFO: [ app_init ] --START--
INFO: Run Behavior\BuildLiteBehavior [ RunTime:0.000022s ]
INFO: [ app_init ] --END-- [ RunTime:0.000488s ]
ERR: 无法加载模块:Public

[ 2017-11-15T12:47:55+08:00 ] 127.0.0.1 /Public/index_files/bootstrap.min.css.map
INFO: [ app_init ] --START--
INFO: Run Behavior\BuildLiteBehavior [ RunTime:0.000023s ]
INFO: [ app_init ] --END-- [ RunTime:0.000567s ]
ERR: 无法加载模块:Public

[ 2017-11-15T12:47:55+08:00 ] 127.0.0.1 /Public/index_files/patterns/header-profile.png
INFO: [ app_init ] --START--
INFO: Run Behavior\BuildLiteBehavior [ RunTime:0.000022s ]
INFO: [ app_init ] --END-- [ RunTime:0.000631s ]
ERR: 无法加载模块:Public

[ 2017-11-15T12:49:57+08:00 ] 127.0.0.1 /Public/index_files/bootstrap.min.css.map
INFO: [ app_init ] --START--
INFO: Run Behavior\BuildLiteBehavior [ RunTime:0.000020s ]
INFO: [ app_init ] --END-- [ RunTime:0.000465s ]
ERR: 无法加载模块:Public

[ 2017-11-15T12:49:57+08:00 ] 127.0.0.1 /Public/index_files/patterns/header-profile.png
INFO: [ app_init ] --START--
INFO: Run Behavior\BuildLiteBehavior [ RunTime:0.000023s ]
INFO: [ app_init ] --END-- [ RunTime:0.000736s ]
ERR: 无法加载模块:Public

[ 2017-11-15T12:50:10+08:00 ] 127.0.0.1 /Public/index_files/bootstrap.min.css.map
INFO: [ app_init ] --START--
INFO: Run Behavior\BuildLiteBehavior [ RunTime:0.000026s ]
INFO: [ app_init ] --END-- [ RunTime:0.000623s ]
ERR: 无法加载模块:Public

[ 2017-11-15T12:50:10+08:00 ] 127.0.0.1 /Public/index_files/patterns/header-profile.png
INFO: [ app_init ] --START--
INFO: Run Behavior\BuildLiteBehavior [ RunTime:0.000020s ]
INFO: [ app_init ] --END-- [ RunTime:0.000493s ]
ERR: 无法加载模块:Public

[ 2017-11-15T12:50:23+08:00 ] 127.0.0.1 /Public/index_files/bootstrap.min.css.map
INFO: [ app_init ] --START--
INFO: Run Behavior\BuildLiteBehavior [ RunTime:0.000054s ]
INFO: [ app_init ] --END-- [ RunTime:0.000957s ]
ERR: 无法加载模块:Public

[ 2017-11-15T12:50:23+08:00 ] 127.0.0.1 /Public/index_files/patterns/header-profile.png
INFO: [ app_init ] --START--
INFO: Run Behavior\BuildLiteBehavior [ RunTime:0.000022s ]
INFO: [ app_init ] --END-- [ RunTime:0.000476s ]
ERR: 无法加载模块:Public

[ 2017-11-15T12:50:57+08:00 ] 127.0.0.1 /Public/index_files/bootstrap.min.css.map
INFO: [ app_init ] --START--
INFO: Run Behavior\BuildLiteBehavior [ RunTime:0.000026s ]
INFO: [ app_init ] --END-- [ RunTime:0.000572s ]
ERR: 无法加载模块:Public

[ 2017-11-15T12:50:57+08:00 ] 127.0.0.1 /Public/index_files/patterns/header-profile.png
INFO: [ app_init ] --START--
INFO: Run Behavior\BuildLiteBehavior [ RunTime:0.000022s ]
INFO: [ app_init ] --END-- [ RunTime:0.000484s ]
ERR: 无法加载模块:Public

[ 2017-11-15T12:53:38+08:00 ] 127.0.0.1 /Public/index_files/patterns/header-profile.png
INFO: [ app_init ] --START--
INFO: Run Behavior\BuildLiteBehavior [ RunTime:0.000021s ]
INFO: [ app_init ] --END-- [ RunTime:0.000508s ]
ERR: 无法加载模块:Public

[ 2017-11-15T12:53:38+08:00 ] 127.0.0.1 /Public/index_files/bootstrap.min.css.map
INFO: [ app_init ] --START--
INFO: Run Behavior\BuildLiteBehavior [ RunTime:0.000026s ]
INFO: [ app_init ] --END-- [ RunTime:0.000560s ]
ERR: 无法加载模块:Public

[ 2017-11-15T12:53:41+08:00 ] 127.0.0.1 /Public/index_files/bootstrap.min.css.map
INFO: [ app_init ] --START--
INFO: Run Behavior\BuildLiteBehavior [ RunTime:0.000025s ]
INFO: [ app_init ] --END-- [ RunTime:0.000730s ]
ERR: 无法加载模块:Public

[ 2017-11-15T12:53:41+08:00 ] 127.0.0.1 /Public/index_files/patterns/header-profile.png
INFO: [ app_init ] --START--
INFO: Run Behavior\BuildLiteBehavior [ RunTime:0.000018s ]
INFO: [ app_init ] --END-- [ RunTime:0.000443s ]
ERR: 无法加载模块:Public

[ 2017-11-15T12:53:47+08:00 ] 127.0.0.1 /Public/index_files/bootstrap.min.css.map
INFO: [ app_init ] --START--
INFO: Run Behavior\BuildLiteBehavior [ RunTime:0.000024s ]
INFO: [ app_init ] --END-- [ RunTime:0.000564s ]
ERR: 无法加载模块:Public

[ 2017-11-15T12:53:47+08:00 ] 127.0.0.1 /Public/index_files/patterns/header-profile.png
INFO: [ app_init ] --START--
INFO: Run Behavior\BuildLiteBehavior [ RunTime:0.000019s ]
INFO: [ app_init ] --END-- [ RunTime:0.000572s ]
ERR: 无法加载模块:Public

[ 2017-11-15T12:54:37+08:00 ] 127.0.0.1 /Public/index_files/bootstrap.min.css.map
INFO: [ app_init ] --START--
INFO: Run Behavior\BuildLiteBehavior [ RunTime:0.000017s ]
INFO: [ app_init ] --END-- [ RunTime:0.000350s ]
ERR: 无法加载模块:Public

[ 2017-11-15T12:54:37+08:00 ] 127.0.0.1 /Public/index_files/patterns/header-profile.png
INFO: [ app_init ] --START--
INFO: Run Behavior\BuildLiteBehavior [ RunTime:0.000020s ]
INFO: [ app_init ] --END-- [ RunTime:0.000477s ]
ERR: 无法加载模块:Public

[ 2017-11-15T12:54:39+08:00 ] 127.0.0.1 /Public/index_files/bootstrap.min.css.map
INFO: [ app_init ] --START--
INFO: Run Behavior\BuildLiteBehavior [ RunTime:0.000022s ]
INFO: [ app_init ] --END-- [ RunTime:0.000516s ]
ERR: 无法加载模块:Public

[ 2017-11-15T12:54:39+08:00 ] 127.0.0.1 /Public/index_files/patterns/header-profile.png
INFO: [ app_init ] --START--
INFO: Run Behavior\BuildLiteBehavior [ RunTime:0.000021s ]
INFO: [ app_init ] --END-- [ RunTime:0.000464s ]
ERR: 无法加载模块:Public

[ 2017-11-15T12:55:07+08:00 ] 127.0.0.1 /Public/index_files/patterns/header-profile.png
INFO: [ app_init ] --START--
INFO: Run Behavior\BuildLiteBehavior [ RunTime:0.000015s ]
INFO: [ app_init ] --END-- [ RunTime:0.000319s ]
ERR: 无法加载模块:Public

[ 2017-11-15T12:55:08+08:00 ] 127.0.0.1 /Public/index_files/bootstrap.min.css.map
INFO: [ app_init ] --START--
INFO: Run Behavior\BuildLiteBehavior [ RunTime:0.000021s ]
INFO: [ app_init ] --END-- [ RunTime:0.000521s ]
ERR: 无法加载模块:Public

[ 2017-11-15T12:56:27+08:00 ] 127.0.0.1 /Public/index_files/patterns/header-profile.png
INFO: [ app_init ] --START--
INFO: Run Behavior\BuildLiteBehavior [ RunTime:0.000024s ]
INFO: [ app_init ] --END-- [ RunTime:0.000525s ]
ERR: 无法加载模块:Public

[ 2017-11-15T12:56:27+08:00 ] 127.0.0.1 /Public/index_files/bootstrap.min.css.map
INFO: [ app_init ] --START--
INFO: Run Behavior\BuildLiteBehavior [ RunTime:0.000014s ]
INFO: [ app_init ] --END-- [ RunTime:0.000323s ]
ERR: 无法加载模块:Public

[ 2017-11-15T12:56:33+08:00 ] 127.0.0.1 /Public/index_files/patterns/header-profile.png
INFO: [ app_init ] --START--
INFO: Run Behavior\BuildLiteBehavior [ RunTime:0.000021s ]
INFO: [ app_init ] --END-- [ RunTime:0.000452s ]
ERR: 无法加载模块:Public

[ 2017-11-15T12:56:33+08:00 ] 127.0.0.1 /Public/index_files/bootstrap.min.css.map
INFO: [ app_init ] --START--
INFO: Run Behavior\BuildLiteBehavior [ RunTime:0.000021s ]
INFO: [ app_init ] --END-- [ RunTime:0.000527s ]
ERR: 无法加载模块:Public

[ 2017-11-15T12:56:37+08:00 ] 127.0.0.1 /Public/index_files/patterns/header-profile.png
INFO: [ app_init ] --START--
INFO: Run Behavior\BuildLiteBehavior [ RunTime:0.000019s ]
INFO: [ app_init ] --END-- [ RunTime:0.000489s ]
ERR: 无法加载模块:Public

[ 2017-11-15T12:56:37+08:00 ] 127.0.0.1 /Public/index_files/bootstrap.min.css.map
INFO: [ app_init ] --START--
INFO: Run Behavior\BuildLiteBehavior [ RunTime:0.000021s ]
INFO: [ app_init ] --END-- [ RunTime:0.000518s ]
ERR: 无法加载模块:Public

[ 2017-11-15T12:56:43+08:00 ] 127.0.0.1 /Public/index_files/patterns/header-profile.png
INFO: [ app_init ] --START--
INFO: Run Behavior\BuildLiteBehavior [ RunTime:0.000013s ]
INFO: [ app_init ] --END-- [ RunTime:0.000319s ]
ERR: 无法加载模块:Public

[ 2017-11-15T12:56:43+08:00 ] 127.0.0.1 /Public/index_files/bootstrap.min.css.map
INFO: [ app_init ] --START--
INFO: Run Behavior\BuildLiteBehavior [ RunTime:0.000019s ]
INFO: [ app_init ] --END-- [ RunTime:0.000461s ]
ERR: 无法加载模块:Public

[ 2017-11-15T12:56:45+08:00 ] 127.0.0.1 /Public/index_files/patterns/header-profile.png
INFO: [ app_init ] --START--
INFO: Run Behavior\BuildLiteBehavior [ RunTime:0.000012s ]
INFO: [ app_init ] --END-- [ RunTime:0.000310s ]
ERR: 无法加载模块:Public

[ 2017-11-15T12:56:45+08:00 ] 127.0.0.1 /Public/index_files/bootstrap.min.css.map
INFO: [ app_init ] --START--
INFO: Run Behavior\BuildLiteBehavior [ RunTime:0.000021s ]
INFO: [ app_init ] --END-- [ RunTime:0.000572s ]
ERR: 无法加载模块:Public

[ 2017-11-15T13:00:02+08:00 ] 127.0.0.1 /Public/index_files/bootstrap.min.css.map
INFO: [ app_init ] --START--
INFO: Run Behavior\BuildLiteBehavior [ RunTime:0.000039s ]
INFO: [ app_init ] --END-- [ RunTime:0.000869s ]
ERR: 无法加载模块:Public

[ 2017-11-15T13:00:42+08:00 ] 127.0.0.1 /Public/index_files/patterns/header-profile.png
INFO: [ app_init ] --START--
INFO: Run Behavior\BuildLiteBehavior [ RunTime:0.000022s ]
INFO: [ app_init ] --END-- [ RunTime:0.000626s ]
ERR: 无法加载模块:Public

[ 2017-11-15T13:00:42+08:00 ] 127.0.0.1 /Public/index_files/bootstrap.min.css.map
INFO: [ app_init ] --START--
INFO: Run Behavior\BuildLiteBehavior [ RunTime:0.000021s ]
INFO: [ app_init ] --END-- [ RunTime:0.000529s ]
ERR: 无法加载模块:Public

[ 2017-11-15T13:00:44+08:00 ] 127.0.0.1 /Public/index_files/patterns/header-profile.png
INFO: [ app_init ] --START--
INFO: Run Behavior\BuildLiteBehavior [ RunTime:0.000018s ]
INFO: [ app_init ] --END-- [ RunTime:0.000447s ]
ERR: 无法加载模块:Public

[ 2017-11-15T13:00:44+08:00 ] 127.0.0.1 /Public/index_files/bootstrap.min.css.map
INFO: [ app_init ] --START--
INFO: Run Behavior\BuildLiteBehavior [ RunTime:0.000014s ]
INFO: [ app_init ] --END-- [ RunTime:0.000348s ]
ERR: 无法加载模块:Public

[ 2017-11-15T13:00:47+08:00 ] 127.0.0.1 /Public/index_files/patterns/header-profile.png
INFO: [ app_init ] --START--
INFO: Run Behavior\BuildLiteBehavior [ RunTime:0.000021s ]
INFO: [ app_init ] --END-- [ RunTime:0.000533s ]
ERR: 无法加载模块:Public

[ 2017-11-15T13:00:47+08:00 ] 127.0.0.1 /Public/index_files/bootstrap.min.css.map
INFO: [ app_init ] --START--
INFO: Run Behavior\BuildLiteBehavior [ RunTime:0.000017s ]
INFO: [ app_init ] --END-- [ RunTime:0.000373s ]
ERR: 无法加载模块:Public

[ 2017-11-15T13:01:12+08:00 ] 127.0.0.1 /Public/index_files/patterns/header-profile.png
INFO: [ app_init ] --START--
INFO: Run Behavior\BuildLiteBehavior [ RunTime:0.000014s ]
INFO: [ app_init ] --END-- [ RunTime:0.000349s ]
ERR: 无法加载模块:Public

[ 2017-11-15T13:01:12+08:00 ] 127.0.0.1 /Public/index_files/bootstrap.min.css.map
INFO: [ app_init ] --START--
INFO: Run Behavior\BuildLiteBehavior [ RunTime:0.000019s ]
INFO: [ app_init ] --END-- [ RunTime:0.000503s ]
ERR: 无法加载模块:Public

[ 2017-11-15T13:01:43+08:00 ] 127.0.0.1 /Public/index_files/patterns/header-profile.png
INFO: [ app_init ] --START--
INFO: Run Behavior\BuildLiteBehavior [ RunTime:0.000014s ]
INFO: [ app_init ] --END-- [ RunTime:0.000359s ]
ERR: 无法加载模块:Public

[ 2017-11-15T13:01:44+08:00 ] 127.0.0.1 /Public/index_files/bootstrap.min.css.map
INFO: [ app_init ] --START--
INFO: Run Behavior\BuildLiteBehavior [ RunTime:0.000016s ]
INFO: [ app_init ] --END-- [ RunTime:0.000361s ]
ERR: 无法加载模块:Public

[ 2017-11-15T13:01:53+08:00 ] 127.0.0.1 /Public/index_files/patterns/header-profile.png
INFO: [ app_init ] --START--
INFO: Run Behavior\BuildLiteBehavior [ RunTime:0.000020s ]
INFO: [ app_init ] --END-- [ RunTime:0.000519s ]
ERR: 无法加载模块:Public

[ 2017-11-15T13:01:53+08:00 ] 127.0.0.1 /Public/index_files/bootstrap.min.css.map
INFO: [ app_init ] --START--
INFO: Run Behavior\BuildLiteBehavior [ RunTime:0.000025s ]
INFO: [ app_init ] --END-- [ RunTime:0.000547s ]
ERR: 无法加载模块:Public

[ 2017-11-15T13:02:29+08:00 ] 127.0.0.1 /Public/index_files/patterns/header-profile.png
INFO: [ app_init ] --START--
INFO: Run Behavior\BuildLiteBehavior [ RunTime:0.000020s ]
INFO: [ app_init ] --END-- [ RunTime:0.000487s ]
ERR: 无法加载模块:Public

[ 2017-11-15T13:02:29+08:00 ] 127.0.0.1 /Public/index_files/bootstrap.min.css.map
INFO: [ app_init ] --START--
INFO: Run Behavior\BuildLiteBehavior [ RunTime:0.000017s ]
INFO: [ app_init ] --END-- [ RunTime:0.000417s ]
ERR: 无法加载模块:Public

[ 2017-11-15T13:02:43+08:00 ] 127.0.0.1 /Public/index_files/patterns/header-profile.png
INFO: [ app_init ] --START--
INFO: Run Behavior\BuildLiteBehavior [ RunTime:0.000019s ]
INFO: [ app_init ] --END-- [ RunTime:0.000441s ]
ERR: 无法加载模块:Public

[ 2017-11-15T13:02:43+08:00 ] 127.0.0.1 /Public/index_files/bootstrap.min.css.map
INFO: [ app_init ] --START--
INFO: Run Behavior\BuildLiteBehavior [ RunTime:0.000017s ]
INFO: [ app_init ] --END-- [ RunTime:0.000447s ]
ERR: 无法加载模块:Public

[ 2017-11-15T13:16:52+08:00 ] 127.0.0.1 /Public/index_files/patterns/header-profile.png
INFO: [ app_init ] --START--
INFO: Run Behavior\BuildLiteBehavior [ RunTime:0.000022s ]
INFO: [ app_init ] --END-- [ RunTime:0.000572s ]
ERR: 无法加载模块:Public

[ 2017-11-15T13:16:52+08:00 ] 127.0.0.1 /Public/index_files/bootstrap.min.css.map
INFO: [ app_init ] --START--
INFO: Run Behavior\BuildLiteBehavior [ RunTime:0.000020s ]
INFO: [ app_init ] --END-- [ RunTime:0.000587s ]
ERR: 无法加载模块:Public

[ 2017-11-15T13:16:54+08:00 ] 127.0.0.1 /Public/index_files/patterns/header-profile.png
INFO: [ app_init ] --START--
INFO: Run Behavior\BuildLiteBehavior [ RunTime:0.000038s ]
INFO: [ app_init ] --END-- [ RunTime:0.000629s ]
ERR: 无法加载模块:Public

[ 2017-11-15T13:16:54+08:00 ] 127.0.0.1 /Public/index_files/bootstrap.min.css.map
INFO: [ app_init ] --START--
INFO: Run Behavior\BuildLiteBehavior [ RunTime:0.000020s ]
INFO: [ app_init ] --END-- [ RunTime:0.000462s ]
ERR: 无法加载模块:Public

[ 2017-11-15T13:17:22+08:00 ] 127.0.0.1 /Public/index_files/patterns/header-profile.png
INFO: [ app_init ] --START--
INFO: Run Behavior\BuildLiteBehavior [ RunTime:0.000039s ]
INFO: [ app_init ] --END-- [ RunTime:0.000823s ]
ERR: 无法加载模块:Public

[ 2017-11-15T13:17:22+08:00 ] 127.0.0.1 /Public/index_files/bootstrap.min.css.map
INFO: [ app_init ] --START--
INFO: Run Behavior\BuildLiteBehavior [ RunTime:0.000014s ]
INFO: [ app_init ] --END-- [ RunTime:0.000323s ]
ERR: 无法加载模块:Public

[ 2017-11-15T13:17:50+08:00 ] 127.0.0.1 /Public/index_files/patterns/header-profile.png
INFO: [ app_init ] --START--
INFO: Run Behavior\BuildLiteBehavior [ RunTime:0.000019s ]
INFO: [ app_init ] --END-- [ RunTime:0.000454s ]
ERR: 无法加载模块:Public

[ 2017-11-15T13:17:50+08:00 ] 127.0.0.1 /Public/index_files/bootstrap.min.css.map
INFO: [ app_init ] --START--
INFO: Run Behavior\BuildLiteBehavior [ RunTime:0.000019s ]
INFO: [ app_init ] --END-- [ RunTime:0.000487s ]
ERR: 无法加载模块:Public

[ 2017-11-15T13:18:03+08:00 ] 127.0.0.1 /Public/index_files/patterns/header-profile.png
INFO: [ app_init ] --START--
INFO: Run Behavior\BuildLiteBehavior [ RunTime:0.000022s ]
INFO: [ app_init ] --END-- [ RunTime:0.000543s ]
ERR: 无法加载模块:Public

[ 2017-11-15T13:18:03+08:00 ] 127.0.0.1 /Public/index_files/bootstrap.min.css.map
INFO: [ app_init ] --START--
INFO: Run Behavior\BuildLiteBehavior [ RunTime:0.000014s ]
INFO: [ app_init ] --END-- [ RunTime:0.000314s ]
ERR: 无法加载模块:Public

[ 2017-11-15T13:18:14+08:00 ] 127.0.0.1 /Public/index_files/patterns/header-profile.png
INFO: [ app_init ] --START--
INFO: Run Behavior\BuildLiteBehavior [ RunTime:0.000013s ]
INFO: [ app_init ] --END-- [ RunTime:0.000310s ]
ERR: 无法加载模块:Public

[ 2017-11-15T13:18:14+08:00 ] 127.0.0.1 /Public/index_files/bootstrap.min.css.map
INFO: [ app_init ] --START--
INFO: Run Behavior\BuildLiteBehavior [ RunTime:0.000019s ]
INFO: [ app_init ] --END-- [ RunTime:0.000450s ]
ERR: 无法加载模块:Public

[ 2017-11-15T13:18:15+08:00 ] 127.0.0.1 /Public/index_files/patterns/header-profile.png
INFO: [ app_init ] --START--
INFO: Run Behavior\BuildLiteBehavior [ RunTime:0.000015s ]
INFO: [ app_init ] --END-- [ RunTime:0.000381s ]
ERR: 无法加载模块:Public

[ 2017-11-15T13:18:15+08:00 ] 127.0.0.1 /Public/index_files/bootstrap.min.css.map
INFO: [ app_init ] --START--
INFO: Run Behavior\BuildLiteBehavior [ RunTime:0.000018s ]
INFO: [ app_init ] --END-- [ RunTime:0.000374s ]
ERR: 无法加载模块:Public

[ 2017-11-15T13:18:17+08:00 ] 127.0.0.1 /Public/index_files/patterns/header-profile.png
INFO: [ app_init ] --START--
INFO: Run Behavior\BuildLiteBehavior [ RunTime:0.000016s ]
INFO: [ app_init ] --END-- [ RunTime:0.000364s ]
ERR: 无法加载模块:Public

[ 2017-11-15T13:18:17+08:00 ] 127.0.0.1 /Public/index_files/bootstrap.min.css.map
INFO: [ app_init ] --START--
INFO: Run Behavior\BuildLiteBehavior [ RunTime:0.000013s ]
INFO: [ app_init ] --END-- [ RunTime:0.000324s ]
ERR: 无法加载模块:Public

[ 2017-11-15T13:18:20+08:00 ] 127.0.0.1 /Public/index_files/patterns/header-profile.png
INFO: [ app_init ] --START--
INFO: Run Behavior\BuildLiteBehavior [ RunTime:0.000014s ]
INFO: [ app_init ] --END-- [ RunTime:0.000321s ]
ERR: 无法加载模块:Public

[ 2017-11-15T13:18:20+08:00 ] 127.0.0.1 /Public/index_files/bootstrap.min.css.map
INFO: [ app_init ] --START--
INFO: Run Behavior\BuildLiteBehavior [ RunTime:0.000013s ]
INFO: [ app_init ] --END-- [ RunTime:0.000331s ]
ERR: 无法加载模块:Public

[ 2017-11-15T13:18:22+08:00 ] 127.0.0.1 /Public/index_files/patterns/header-profile.png
INFO: [ app_init ] --START--
INFO: Run Behavior\BuildLiteBehavior [ RunTime:0.000019s ]
INFO: [ app_init ] --END-- [ RunTime:0.000457s ]
ERR: 无法加载模块:Public

[ 2017-11-15T13:18:23+08:00 ] 127.0.0.1 /Public/index_files/bootstrap.min.css.map
INFO: [ app_init ] --START--
INFO: Run Behavior\BuildLiteBehavior [ RunTime:0.000022s ]
INFO: [ app_init ] --END-- [ RunTime:0.000541s ]
ERR: 无法加载模块:Public

[ 2017-11-15T13:26:19+08:00 ] 127.0.0.1 /Public/index_files/patterns/header-profile.png
INFO: [ app_init ] --START--
INFO: Run Behavior\BuildLiteBehavior [ RunTime:0.000014s ]
INFO: [ app_init ] --END-- [ RunTime:0.000329s ]
ERR: 无法加载模块:Public

[ 2017-11-15T13:26:19+08:00 ] 127.0.0.1 /Public/index_files/bootstrap.min.css.map
INFO: [ app_init ] --START--
INFO: Run Behavior\BuildLiteBehavior [ RunTime:0.000018s ]
INFO: [ app_init ] --END-- [ RunTime:0.000457s ]
ERR: 无法加载模块:Public

[ 2017-11-15T13:32:30+08:00 ] 127.0.0.1 /Public/index_files/patterns/header-profile.png
INFO: [ app_init ] --START--
INFO: Run Behavior\BuildLiteBehavior [ RunTime:0.000027s ]
INFO: [ app_init ] --END-- [ RunTime:0.000811s ]
ERR: 无法加载模块:Public

[ 2017-11-15T13:32:30+08:00 ] 127.0.0.1 /Public/index_files/bootstrap.min.css.map
INFO: [ app_init ] --START--
INFO: Run Behavior\BuildLiteBehavior [ RunTime:0.000013s ]
INFO: [ app_init ] --END-- [ RunTime:0.000309s ]
ERR: 无法加载模块:Public

[ 2017-11-15T13:32:32+08:00 ] 127.0.0.1 /Public/index_files/patterns/header-profile.png
INFO: [ app_init ] --START--
INFO: Run Behavior\BuildLiteBehavior [ RunTime:0.000018s ]
INFO: [ app_init ] --END-- [ RunTime:0.000442s ]
ERR: 无法加载模块:Public

[ 2017-11-15T13:32:32+08:00 ] 127.0.0.1 /Public/index_files/bootstrap.min.css.map
INFO: [ app_init ] --START--
INFO: Run Behavior\BuildLiteBehavior [ RunTime:0.000033s ]
INFO: [ app_init ] --END-- [ RunTime:0.000445s ]
ERR: 无法加载模块:Public

[ 2017-11-15T13:43:36+08:00 ] 127.0.0.1 /Public/index_files/patterns/header-profile.png
INFO: [ app_init ] --START--
INFO: Run Behavior\BuildLiteBehavior [ RunTime:0.000023s ]
INFO: [ app_init ] --END-- [ RunTime:0.000727s ]
ERR: 无法加载模块:Public

[ 2017-11-15T13:43:36+08:00 ] 127.0.0.1 /Public/index_files/bootstrap.min.css.map
INFO: [ app_init ] --START--
INFO: Run Behavior\BuildLiteBehavior [ RunTime:0.000019s ]
INFO: [ app_init ] --END-- [ RunTime:0.000512s ]
ERR: 无法加载模块:Public

[ 2017-11-15T13:43:45+08:00 ] 127.0.0.1 /Public/index_files/patterns/header-profile.png
INFO: [ app_init ] --START--
INFO: Run Behavior\BuildLiteBehavior [ RunTime:0.000021s ]
INFO: [ app_init ] --END-- [ RunTime:0.000415s ]
ERR: 无法加载模块:Public

[ 2017-11-15T13:43:45+08:00 ] 127.0.0.1 /Public/index_files/bootstrap.min.css.map
INFO: [ app_init ] --START--
INFO: Run Behavior\BuildLiteBehavior [ RunTime:0.000015s ]
INFO: [ app_init ] --END-- [ RunTime:0.000326s ]
ERR: 无法加载模块:Public

[ 2017-11-15T13:49:54+08:00 ] 127.0.0.1 /Public/index_files/bootstrap.min.css.map
INFO: [ app_init ] --START--
INFO: Run Behavior\BuildLiteBehavior [ RunTime:0.000021s ]
INFO: [ app_init ] --END-- [ RunTime:0.000457s ]
ERR: 无法加载模块:Public

[ 2017-11-15T13:49:54+08:00 ] 127.0.0.1 /Public/index_files/patterns/header-profile.png
INFO: [ app_init ] --START--
INFO: Run Behavior\BuildLiteBehavior [ RunTime:0.000030s ]
INFO: [ app_init ] --END-- [ RunTime:0.000689s ]
ERR: 无法加载模块:Public

[ 2017-11-15T13:50:25+08:00 ] 127.0.0.1 /Public/index_files/bootstrap.min.css.map
INFO: [ app_init ] --START--
INFO: Run Behavior\BuildLiteBehavior [ RunTime:0.000019s ]
INFO: [ app_init ] --END-- [ RunTime:0.000502s ]
ERR: 无法加载模块:Public

[ 2017-11-15T13:50:25+08:00 ] 127.0.0.1 /Public/index_files/patterns/header-profile.png
INFO: [ app_init ] --START--
INFO: Run Behavior\BuildLiteBehavior [ RunTime:0.000035s ]
INFO: [ app_init ] --END-- [ RunTime:0.000744s ]
ERR: 无法加载模块:Public

[ 2017-11-15T13:50:44+08:00 ] 127.0.0.1 /Public/index_files/bootstrap.min.css.map
INFO: [ app_init ] --START--
INFO: Run Behavior\BuildLiteBehavior [ RunTime:0.000021s ]
INFO: [ app_init ] --END-- [ RunTime:0.000524s ]
ERR: 无法加载模块:Public

[ 2017-11-15T13:50:44+08:00 ] 127.0.0.1 /Public/index_files/patterns/header-profile.png
INFO: [ app_init ] --START--
INFO: Run Behavior\BuildLiteBehavior [ RunTime:0.000025s ]
INFO: [ app_init ] --END-- [ RunTime:0.000534s ]
ERR: 无法加载模块:Public

[ 2017-11-15T13:50:58+08:00 ] 127.0.0.1 /Public/index_files/bootstrap.min.css.map
INFO: [ app_init ] --START--
INFO: Run Behavior\BuildLiteBehavior [ RunTime:0.000022s ]
INFO: [ app_init ] --END-- [ RunTime:0.000480s ]
ERR: 无法加载模块:Public

[ 2017-11-15T13:50:58+08:00 ] 127.0.0.1 /Public/index_files/patterns/header-profile.png
INFO: [ app_init ] --START--
INFO: Run Behavior\BuildLiteBehavior [ RunTime:0.000024s ]
INFO: [ app_init ] --END-- [ RunTime:0.000563s ]
ERR: 无法加载模块:Public

[ 2017-11-15T13:51:02+08:00 ] 127.0.0.1 /Public/index_files/bootstrap.min.css.map
INFO: [ app_init ] --START--
INFO: Run Behavior\BuildLiteBehavior [ RunTime:0.000037s ]
INFO: [ app_init ] --END-- [ RunTime:0.000677s ]
ERR: 无法加载模块:Public

[ 2017-11-15T13:51:02+08:00 ] 127.0.0.1 /Public/index_files/patterns/header-profile.png
INFO: [ app_init ] --START--
INFO: Run Behavior\BuildLiteBehavior [ RunTime:0.000021s ]
INFO: [ app_init ] --END-- [ RunTime:0.000523s ]
ERR: 无法加载模块:Public

[ 2017-11-15T13:54:43+08:00 ] 127.0.0.1 /Public/index_files/bootstrap.min.css.map
INFO: [ app_init ] --START--
INFO: Run Behavior\BuildLiteBehavior [ RunTime:0.000021s ]
INFO: [ app_init ] --END-- [ RunTime:0.000514s ]
ERR: 无法加载模块:Public

[ 2017-11-15T13:54:43+08:00 ] 127.0.0.1 /Public/index_files/patterns/header-profile.png
INFO: [ app_init ] --START--
INFO: Run Behavior\BuildLiteBehavior [ RunTime:0.000022s ]
INFO: [ app_init ] --END-- [ RunTime:0.000562s ]
ERR: 无法加载模块:Public

[ 2017-11-15T14:00:54+08:00 ] 127.0.0.1 /Public/index_files/patterns/header-profile.png
INFO: [ app_init ] --START--
INFO: Run Behavior\BuildLiteBehavior [ RunTime:0.000018s ]
INFO: [ app_init ] --END-- [ RunTime:0.000498s ]
ERR: 无法加载模块:Public

[ 2017-11-15T14:00:54+08:00 ] 127.0.0.1 /Public/index_files/bootstrap.min.css.map
INFO: [ app_init ] --START--
INFO: Run Behavior\BuildLiteBehavior [ RunTime:0.000017s ]
INFO: [ app_init ] --END-- [ RunTime:0.000442s ]
ERR: 无法加载模块:Public

[ 2017-11-15T14:01:15+08:00 ] 127.0.0.1 /Public/index_files/patterns/header-profile.png
INFO: [ app_init ] --START--
INFO: Run Behavior\BuildLiteBehavior [ RunTime:0.000018s ]
INFO: [ app_init ] --END-- [ RunTime:0.000411s ]
ERR: 无法加载模块:Public

[ 2017-11-15T14:01:15+08:00 ] 127.0.0.1 /Public/index_files/bootstrap.min.css.map
INFO: [ app_init ] --START--
INFO: Run Behavior\BuildLiteBehavior [ RunTime:0.000016s ]
INFO: [ app_init ] --END-- [ RunTime:0.000492s ]
ERR: 无法加载模块:Public

[ 2017-11-15T14:01:33+08:00 ] 127.0.0.1 /Public/index_files/patterns/header-profile.png
INFO: [ app_init ] --START--
INFO: Run Behavior\BuildLiteBehavior [ RunTime:0.000051s ]
INFO: [ app_init ] --END-- [ RunTime:0.000680s ]
ERR: 无法加载模块:Public

[ 2017-11-15T14:01:33+08:00 ] 127.0.0.1 /Public/index_files/bootstrap.min.css.map
INFO: [ app_init ] --START--
INFO: Run Behavior\BuildLiteBehavior [ RunTime:0.000016s ]
INFO: [ app_init ] --END-- [ RunTime:0.000358s ]
ERR: 无法加载模块:Public

[ 2017-11-15T14:01:48+08:00 ] 127.0.0.1 /Public/index_files/patterns/header-profile.png
INFO: [ app_init ] --START--
INFO: Run Behavior\BuildLiteBehavior [ RunTime:0.000013s ]
INFO: [ app_init ] --END-- [ RunTime:0.000313s ]
ERR: 无法加载模块:Public

[ 2017-11-15T14:01:49+08:00 ] 127.0.0.1 /Public/index_files/bootstrap.min.css.map
INFO: [ app_init ] --START--
INFO: Run Behavior\BuildLiteBehavior [ RunTime:0.000021s ]
INFO: [ app_init ] --END-- [ RunTime:0.000540s ]
ERR: 无法加载模块:Public

[ 2017-11-15T14:01:50+08:00 ] 127.0.0.1 /Public/index_files/patterns/header-profile.png
INFO: [ app_init ] --START--
INFO: Run Behavior\BuildLiteBehavior [ RunTime:0.000018s ]
INFO: [ app_init ] --END-- [ RunTime:0.000475s ]
ERR: 无法加载模块:Public

[ 2017-11-15T14:01:50+08:00 ] 127.0.0.1 /Public/index_files/bootstrap.min.css.map
INFO: [ app_init ] --START--
INFO: Run Behavior\BuildLiteBehavior [ RunTime:0.000044s ]
INFO: [ app_init ] --END-- [ RunTime:0.001139s ]
ERR: 无法加载模块:Public

[ 2017-11-15T14:01:53+08:00 ] 127.0.0.1 /Public/index_files/patterns/header-profile.png
INFO: [ app_init ] --START--
INFO: Run Behavior\BuildLiteBehavior [ RunTime:0.000029s ]
INFO: [ app_init ] --END-- [ RunTime:0.000668s ]
ERR: 无法加载模块:Public

[ 2017-11-15T14:01:53+08:00 ] 127.0.0.1 /Public/index_files/bootstrap.min.css.map
INFO: [ app_init ] --START--
INFO: Run Behavior\BuildLiteBehavior [ RunTime:0.000019s ]
INFO: [ app_init ] --END-- [ RunTime:0.000482s ]
ERR: 无法加载模块:Public

[ 2017-11-15T14:02:21+08:00 ] 127.0.0.1 /Public/index_files/patterns/header-profile.png
INFO: [ app_init ] --START--
INFO: Run Behavior\BuildLiteBehavior [ RunTime:0.000023s ]
INFO: [ app_init ] --END-- [ RunTime:0.000506s ]
ERR: 无法加载模块:Public

[ 2017-11-15T14:02:21+08:00 ] 127.0.0.1 /Public/index_files/bootstrap.min.css.map
INFO: [ app_init ] --START--
INFO: Run Behavior\BuildLiteBehavior [ RunTime:0.000019s ]
INFO: [ app_init ] --END-- [ RunTime:0.000492s ]
ERR: 无法加载模块:Public

[ 2017-11-15T14:03:02+08:00 ] 127.0.0.1 /Public/index_files/patterns/header-profile.png
INFO: [ app_init ] --START--
INFO: Run Behavior\BuildLiteBehavior [ RunTime:0.000013s ]
INFO: [ app_init ] --END-- [ RunTime:0.000318s ]
ERR: 无法加载模块:Public

[ 2017-11-15T14:03:03+08:00 ] 127.0.0.1 /Public/index_files/bootstrap.min.css.map
INFO: [ app_init ] --START--
INFO: Run Behavior\BuildLiteBehavior [ RunTime:0.000062s ]
INFO: [ app_init ] --END-- [ RunTime:0.001153s ]
ERR: 无法加载模块:Public

[ 2017-11-15T14:03:17+08:00 ] 127.0.0.1 /Public/index_files/patterns/header-profile.png
INFO: [ app_init ] --START--
INFO: Run Behavior\BuildLiteBehavior [ RunTime:0.000028s ]
INFO: [ app_init ] --END-- [ RunTime:0.000687s ]
ERR: 无法加载模块:Public

[ 2017-11-15T14:03:17+08:00 ] 127.0.0.1 /Public/index_files/bootstrap.min.css.map
INFO: [ app_init ] --START--
INFO: Run Behavior\BuildLiteBehavior [ RunTime:0.000023s ]
INFO: [ app_init ] --END-- [ RunTime:0.000731s ]
ERR: 无法加载模块:Public

[ 2017-11-15T14:03:42+08:00 ] 127.0.0.1 /Public/index_files/patterns/header-profile.png
INFO: [ app_init ] --START--
INFO: Run Behavior\BuildLiteBehavior [ RunTime:0.000033s ]
INFO: [ app_init ] --END-- [ RunTime:0.000630s ]
ERR: 无法加载模块:Public

[ 2017-11-15T14:03:42+08:00 ] 127.0.0.1 /Public/index_files/bootstrap.min.css.map
INFO: [ app_init ] --START--
INFO: Run Behavior\BuildLiteBehavior [ RunTime:0.000021s ]
INFO: [ app_init ] --END-- [ RunTime:0.000516s ]
ERR: 无法加载模块:Public

[ 2017-11-15T14:05:02+08:00 ] 127.0.0.1 /Public/index_files/patterns/header-profile.png
INFO: [ app_init ] --START--
INFO: Run Behavior\BuildLiteBehavior [ RunTime:0.000028s ]
INFO: [ app_init ] --END-- [ RunTime:0.000594s ]
ERR: 无法加载模块:Public

[ 2017-11-15T14:05:02+08:00 ] 127.0.0.1 /Public/index_files/bootstrap.min.css.map
INFO: [ app_init ] --START--
INFO: Run Behavior\BuildLiteBehavior [ RunTime:0.000012s ]
INFO: [ app_init ] --END-- [ RunTime:0.000341s ]
ERR: 无法加载模块:Public

[ 2017-11-15T14:05:36+08:00 ] 127.0.0.1 /Public/index_files/patterns/header-profile.png
INFO: [ app_init ] --START--
INFO: Run Behavior\BuildLiteBehavior [ RunTime:0.000088s ]
INFO: [ app_init ] --END-- [ RunTime:0.001015s ]
ERR: 无法加载模块:Public

[ 2017-11-15T14:05:36+08:00 ] 127.0.0.1 /Public/index_files/bootstrap.min.css.map
INFO: [ app_init ] --START--
INFO: Run Behavior\BuildLiteBehavior [ RunTime:0.000021s ]
INFO: [ app_init ] --END-- [ RunTime:0.000422s ]
ERR: 无法加载模块:Public

[ 2017-11-15T14:05:37+08:00 ] 127.0.0.1 /Public/index_files/patterns/header-profile.png
INFO: [ app_init ] --START--
INFO: Run Behavior\BuildLiteBehavior [ RunTime:0.000028s ]
INFO: [ app_init ] --END-- [ RunTime:0.000546s ]
ERR: 无法加载模块:Public

[ 2017-11-15T14:05:37+08:00 ] 127.0.0.1 /Public/index_files/bootstrap.min.css.map
INFO: [ app_init ] --START--
INFO: Run Behavior\BuildLiteBehavior [ RunTime:0.000018s ]
INFO: [ app_init ] --END-- [ RunTime:0.000551s ]
ERR: 无法加载模块:Public

[ 2017-11-15T14:05:41+08:00 ] 127.0.0.1 /Public/index_files/patterns/header-profile.png
INFO: [ app_init ] --START--
INFO: Run Behavior\BuildLiteBehavior [ RunTime:0.000024s ]
INFO: [ app_init ] --END-- [ RunTime:0.000568s ]
ERR: 无法加载模块:Public

[ 2017-11-15T14:05:41+08:00 ] 127.0.0.1 /Public/index_files/bootstrap.min.css.map
INFO: [ app_init ] --START--
INFO: Run Behavior\BuildLiteBehavior [ RunTime:0.000019s ]
INFO: [ app_init ] --END-- [ RunTime:0.000489s ]
ERR: 无法加载模块:Public

[ 2017-11-15T14:05:45+08:00 ] 127.0.0.1 /Public/index_files/patterns/header-profile.png
INFO: [ app_init ] --START--
INFO: Run Behavior\BuildLiteBehavior [ RunTime:0.000030s ]
INFO: [ app_init ] --END-- [ RunTime:0.000578s ]
ERR: 无法加载模块:Public

[ 2017-11-15T14:05:45+08:00 ] 127.0.0.1 /Public/index_files/bootstrap.min.css.map
INFO: [ app_init ] --START--
INFO: Run Behavior\BuildLiteBehavior [ RunTime:0.000013s ]
INFO: [ app_init ] --END-- [ RunTime:0.000305s ]
ERR: 无法加载模块:Public

[ 2017-11-15T14:05:49+08:00 ] 127.0.0.1 /Public/index_files/patterns/header-profile.png
INFO: [ app_init ] --START--
INFO: Run Behavior\BuildLiteBehavior [ RunTime:0.000013s ]
INFO: [ app_init ] --END-- [ RunTime:0.000306s ]
ERR: 无法加载模块:Public

[ 2017-11-15T14:05:49+08:00 ] 127.0.0.1 /Public/index_files/bootstrap.min.css.map
INFO: [ app_init ] --START--
INFO: Run Behavior\BuildLiteBehavior [ RunTime:0.000022s ]
INFO: [ app_init ] --END-- [ RunTime:0.000569s ]
ERR: 无法加载模块:Public

[ 2017-11-15T14:06:00+08:00 ] 127.0.0.1 /Public/index_files/patterns/header-profile.png
INFO: [ app_init ] --START--
INFO: Run Behavior\BuildLiteBehavior [ RunTime:0.000028s ]
INFO: [ app_init ] --END-- [ RunTime:0.000530s ]
ERR: 无法加载模块:Public

[ 2017-11-15T14:06:00+08:00 ] 127.0.0.1 /Public/index_files/bootstrap.min.css.map
INFO: [ app_init ] --START--
INFO: Run Behavior\BuildLiteBehavior [ RunTime:0.000039s ]
INFO: [ app_init ] --END-- [ RunTime:0.000708s ]
ERR: 无法加载模块:Public

[ 2017-11-15T14:06:15+08:00 ] 127.0.0.1 /Public/index_files/patterns/header-profile.png
INFO: [ app_init ] --START--
INFO: Run Behavior\BuildLiteBehavior [ RunTime:0.000024s ]
INFO: [ app_init ] --END-- [ RunTime:0.000526s ]
ERR: 无法加载模块:Public

[ 2017-11-15T14:06:15+08:00 ] 127.0.0.1 /Public/index_files/bootstrap.min.css.map
INFO: [ app_init ] --START--
INFO: Run Behavior\BuildLiteBehavior [ RunTime:0.000018s ]
INFO: [ app_init ] --END-- [ RunTime:0.000457s ]
ERR: 无法加载模块:Public

[ 2017-11-15T14:06:34+08:00 ] 127.0.0.1 /Public/index_files/patterns/header-profile.png
INFO: [ app_init ] --START--
INFO: Run Behavior\BuildLiteBehavior [ RunTime:0.000019s ]
INFO: [ app_init ] --END-- [ RunTime:0.000459s ]
ERR: 无法加载模块:Public

[ 2017-11-15T14:06:34+08:00 ] 127.0.0.1 /Public/index_files/bootstrap.min.css.map
INFO: [ app_init ] --START--
INFO: Run Behavior\BuildLiteBehavior [ RunTime:0.000015s ]
INFO: [ app_init ] --END-- [ RunTime:0.000332s ]
ERR: 无法加载模块:Public

[ 2017-11-15T14:07:52+08:00 ] 127.0.0.1 /Public/index_files/bootstrap.min.css.map
INFO: [ app_init ] --START--
INFO: Run Behavior\BuildLiteBehavior [ RunTime:0.000014s ]
INFO: [ app_init ] --END-- [ RunTime:0.000368s ]
ERR: 无法加载模块:Public

[ 2017-11-15T14:08:01+08:00 ] 127.0.0.1 /Public/index_files/patterns/header-profile.png
INFO: [ app_init ] --START--
INFO: Run Behavior\BuildLiteBehavior [ RunTime:0.000020s ]
INFO: [ app_init ] --END-- [ RunTime:0.000505s ]
ERR: 无法加载模块:Public

[ 2017-11-15T14:08:02+08:00 ] 127.0.0.1 /Public/index_files/bootstrap.min.css.map
INFO: [ app_init ] --START--
INFO: Run Behavior\BuildLiteBehavior [ RunTime:0.000023s ]
INFO: [ app_init ] --END-- [ RunTime:0.000580s ]
ERR: 无法加载模块:Public

[ 2017-11-15T14:08:43+08:00 ] 127.0.0.1 /Public/index_files/patterns/header-profile.png
INFO: [ app_init ] --START--
INFO: Run Behavior\BuildLiteBehavior [ RunTime:0.000024s ]
INFO: [ app_init ] --END-- [ RunTime:0.000647s ]
ERR: 无法加载模块:Public

[ 2017-11-15T14:08:43+08:00 ] 127.0.0.1 /Public/index_files/bootstrap.min.css.map
INFO: [ app_init ] --START--
INFO: Run Behavior\BuildLiteBehavior [ RunTime:0.000013s ]
INFO: [ app_init ] --END-- [ RunTime:0.000312s ]
ERR: 无法加载模块:Public

[ 2017-11-15T14:08:45+08:00 ] 127.0.0.1 /Public/denglu_files/bootstrap.min.css.map
INFO: [ app_init ] --START--
INFO: Run Behavior\BuildLiteBehavior [ RunTime:0.000013s ]
INFO: [ app_init ] --END-- [ RunTime:0.000328s ]
ERR: 无法加载模块:Public

[ 2017-11-15T14:08:53+08:00 ] 127.0.0.1 /Public/index_files/patterns/header-profile.png
INFO: [ app_init ] --START--
INFO: Run Behavior\BuildLiteBehavior [ RunTime:0.000077s ]
INFO: [ app_init ] --END-- [ RunTime:0.000831s ]
ERR: 无法加载模块:Public

[ 2017-11-15T14:08:53+08:00 ] 127.0.0.1 /Public/index_files/bootstrap.min.css.map
INFO: [ app_init ] --START--
INFO: Run Behavior\BuildLiteBehavior [ RunTime:0.000013s ]
INFO: [ app_init ] --END-- [ RunTime:0.000304s ]
ERR: 无法加载模块:Public

[ 2017-11-15T14:08:59+08:00 ] 127.0.0.1 /Public/index_files/patterns/header-profile.png
INFO: [ app_init ] --START--
INFO: Run Behavior\BuildLiteBehavior [ RunTime:0.000021s ]
INFO: [ app_init ] --END-- [ RunTime:0.000520s ]
ERR: 无法加载模块:Public

[ 2017-11-15T14:08:59+08:00 ] 127.0.0.1 /Public/index_files/bootstrap.min.css.map
INFO: [ app_init ] --START--
INFO: Run Behavior\BuildLiteBehavior [ RunTime:0.000019s ]
INFO: [ app_init ] --END-- [ RunTime:0.000495s ]
ERR: 无法加载模块:Public

[ 2017-11-15T14:18:28+08:00 ] 127.0.0.1 /Public/index_files/patterns/header-profile.png
INFO: [ app_init ] --START--
INFO: Run Behavior\BuildLiteBehavior [ RunTime:0.000022s ]
INFO: [ app_init ] --END-- [ RunTime:0.000552s ]
ERR: 无法加载模块:Public

[ 2017-11-15T14:18:28+08:00 ] 127.0.0.1 /Public/index_files/bootstrap.min.css.map
INFO: [ app_init ] --START--
INFO: Run Behavior\BuildLiteBehavior [ RunTime:0.000019s ]
INFO: [ app_init ] --END-- [ RunTime:0.000497s ]
ERR: 无法加载模块:Public

[ 2017-11-15T14:18:31+08:00 ] 127.0.0.1 /Public/index_files/patterns/header-profile.png
INFO: [ app_init ] --START--
INFO: Run Behavior\BuildLiteBehavior [ RunTime:0.000021s ]
INFO: [ app_init ] --END-- [ RunTime:0.000441s ]
ERR: 无法加载模块:Public

[ 2017-11-15T14:18:31+08:00 ] 127.0.0.1 /Public/index_files/bootstrap.min.css.map
INFO: [ app_init ] --START--
INFO: Run Behavior\BuildLiteBehavior [ RunTime:0.000020s ]
INFO: [ app_init ] --END-- [ RunTime:0.000519s ]
ERR: 无法加载模块:Public

[ 2017-11-15T14:19:23+08:00 ] 127.0.0.1 /Public/index_files/patterns/header-profile.png
INFO: [ app_init ] --START--
INFO: Run Behavior\BuildLiteBehavior [ RunTime:0.000014s ]
INFO: [ app_init ] --END-- [ RunTime:0.000329s ]
ERR: 无法加载模块:Public

[ 2017-11-15T14:19:24+08:00 ] 127.0.0.1 /Public/index_files/bootstrap.min.css.map
INFO: [ app_init ] --START--
INFO: Run Behavior\BuildLiteBehavior [ RunTime:0.000022s ]
INFO: [ app_init ] --END-- [ RunTime:0.000469s ]
ERR: 无法加载模块:Public

[ 2017-11-15T14:19:49+08:00 ] 127.0.0.1 /Public/index_files/patterns/header-profile.png
INFO: [ app_init ] --START--
INFO: Run Behavior\BuildLiteBehavior [ RunTime:0.000033s ]
INFO: [ app_init ] --END-- [ RunTime:0.000583s ]
ERR: 无法加载模块:Public

[ 2017-11-15T14:19:49+08:00 ] 127.0.0.1 /Public/index_files/bootstrap.min.css.map
INFO: [ app_init ] --START--
INFO: Run Behavior\BuildLiteBehavior [ RunTime:0.000045s ]
INFO: [ app_init ] --END-- [ RunTime:0.000986s ]
ERR: 无法加载模块:Public

[ 2017-11-15T14:19:54+08:00 ] 127.0.0.1 /Public/index_files/patterns/header-profile.png
INFO: [ app_init ] --START--
INFO: Run Behavior\BuildLiteBehavior [ RunTime:0.000014s ]
INFO: [ app_init ] --END-- [ RunTime:0.000341s ]
ERR: 无法加载模块:Public

[ 2017-11-15T14:19:54+08:00 ] 127.0.0.1 /Public/index_files/bootstrap.min.css.map
INFO: [ app_init ] --START--
INFO: Run Behavior\BuildLiteBehavior [ RunTime:0.000013s ]
INFO: [ app_init ] --END-- [ RunTime:0.000314s ]
ERR: 无法加载模块:Public

[ 2017-11-15T14:20:22+08:00 ] 127.0.0.1 /Public/index_files/bootstrap.min.css.map
INFO: [ app_init ] --START--
INFO: Run Behavior\BuildLiteBehavior [ RunTime:0.000023s ]
INFO: [ app_init ] --END-- [ RunTime:0.000536s ]
ERR: 无法加载模块:Public

[ 2017-11-15T14:20:22+08:00 ] 127.0.0.1 /Public/index_files/patterns/header-profile.png
INFO: [ app_init ] --START--
INFO: Run Behavior\BuildLiteBehavior [ RunTime:0.000022s ]
INFO: [ app_init ] --END-- [ RunTime:0.000600s ]
ERR: 无法加载模块:Public

[ 2017-11-15T14:20:28+08:00 ] 127.0.0.1 /Public/index_files/bootstrap.min.css.map
INFO: [ app_init ] --START--
INFO: Run Behavior\BuildLiteBehavior [ RunTime:0.000023s ]
INFO: [ app_init ] --END-- [ RunTime:0.000603s ]
ERR: 无法加载模块:Public

[ 2017-11-15T14:20:28+08:00 ] 127.0.0.1 /Public/index_files/patterns/header-profile.png
INFO: [ app_init ] --START--
INFO: Run Behavior\BuildLiteBehavior [ RunTime:0.000022s ]
INFO: [ app_init ] --END-- [ RunTime:0.000526s ]
ERR: 无法加载模块:Public

[ 2017-11-15T14:21:03+08:00 ] 127.0.0.1 /Public/index_files/bootstrap.min.css.map
INFO: [ app_init ] --START--
INFO: Run Behavior\BuildLiteBehavior [ RunTime:0.000028s ]
INFO: [ app_init ] --END-- [ RunTime:0.000661s ]
ERR: 无法加载模块:Public

[ 2017-11-15T14:21:03+08:00 ] 127.0.0.1 /Public/index_files/patterns/header-profile.png
INFO: [ app_init ] --START--
INFO: Run Behavior\BuildLiteBehavior [ RunTime:0.000015s ]
INFO: [ app_init ] --END-- [ RunTime:0.000367s ]
ERR: 无法加载模块:Public

[ 2017-11-15T14:22:42+08:00 ] 127.0.0.1 /Public/index_files/bootstrap.min.css.map
INFO: [ app_init ] --START--
INFO: Run Behavior\BuildLiteBehavior [ RunTime:0.000026s ]
INFO: [ app_init ] --END-- [ RunTime:0.000599s ]
ERR: 无法加载模块:Public

[ 2017-11-15T14:22:42+08:00 ] 127.0.0.1 /Public/index_files/patterns/header-profile.png
INFO: [ app_init ] --START--
INFO: Run Behavior\BuildLiteBehavior [ RunTime:0.000077s ]
INFO: [ app_init ] --END-- [ RunTime:0.000816s ]
ERR: 无法加载模块:Public

[ 2017-11-15T14:37:19+08:00 ] 127.0.0.1 /Public/index_files/bootstrap.min.css.map
INFO: [ app_init ] --START--
INFO: Run Behavior\BuildLiteBehavior [ RunTime:0.000023s ]
INFO: [ app_init ] --END-- [ RunTime:0.000550s ]
ERR: 无法加载模块:Public

[ 2017-11-15T14:37:19+08:00 ] 127.0.0.1 /Public/index_files/patterns/header-profile.png
INFO: [ app_init ] --START--
INFO: Run Behavior\BuildLiteBehavior [ RunTime:0.000017s ]
INFO: [ app_init ] --END-- [ RunTime:0.000423s ]
ERR: 无法加载模块:Public

[ 2017-11-15T14:37:23+08:00 ] 127.0.0.1 /Public/index_files/bootstrap.min.css.map
INFO: [ app_init ] --START--
INFO: Run Behavior\BuildLiteBehavior [ RunTime:0.000020s ]
INFO: [ app_init ] --END-- [ RunTime:0.000442s ]
ERR: 无法加载模块:Public

[ 2017-11-15T14:37:23+08:00 ] 127.0.0.1 /Public/index_files/patterns/header-profile.png
INFO: [ app_init ] --START--
INFO: Run Behavior\BuildLiteBehavior [ RunTime:0.000019s ]
INFO: [ app_init ] --END-- [ RunTime:0.000459s ]
ERR: 无法加载模块:Public

[ 2017-11-15T14:37:38+08:00 ] 127.0.0.1 /Public/index_files/bootstrap.min.css.map
INFO: [ app_init ] --START--
INFO: Run Behavior\BuildLiteBehavior [ RunTime:0.000018s ]
INFO: [ app_init ] --END-- [ RunTime:0.000467s ]
ERR: 无法加载模块:Public

[ 2017-11-15T14:37:38+08:00 ] 127.0.0.1 /Public/index_files/patterns/header-profile.png
INFO: [ app_init ] --START--
INFO: Run Behavior\BuildLiteBehavior [ RunTime:0.000030s ]
INFO: [ app_init ] --END-- [ RunTime:0.001400s ]
ERR: 无法加载模块:Public

[ 2017-11-15T14:39:30+08:00 ] 127.0.0.1 /Public/index_files/bootstrap.min.css.map
INFO: [ app_init ] --START--
INFO: Run Behavior\BuildLiteBehavior [ RunTime:0.000022s ]
INFO: [ app_init ] --END-- [ RunTime:0.000528s ]
ERR: 无法加载模块:Public

[ 2017-11-15T14:39:30+08:00 ] 127.0.0.1 /Public/index_files/patterns/header-profile.png
INFO: [ app_init ] --START--
INFO: Run Behavior\BuildLiteBehavior [ RunTime:0.000020s ]
INFO: [ app_init ] --END-- [ RunTime:0.000502s ]
ERR: 无法加载模块:Public

[ 2017-11-15T14:39:42+08:00 ] 127.0.0.1 /Public/index_files/patterns/header-profile.png
INFO: [ app_init ] --START--
INFO: Run Behavior\BuildLiteBehavior [ RunTime:0.000027s ]
INFO: [ app_init ] --END-- [ RunTime:0.000615s ]
ERR: 无法加载模块:Public

[ 2017-11-15T14:39:43+08:00 ] 127.0.0.1 /Public/index_files/bootstrap.min.css.map
INFO: [ app_init ] --START--
INFO: Run Behavior\BuildLiteBehavior [ RunTime:0.000019s ]
INFO: [ app_init ] --END-- [ RunTime:0.000479s ]
ERR: 无法加载模块:Public

[ 2017-11-15T14:46:05+08:00 ] 127.0.0.1 /Public/index_files/bootstrap.min.css.map
INFO: [ app_init ] --START--
INFO: Run Behavior\BuildLiteBehavior [ RunTime:0.000026s ]
INFO: [ app_init ] --END-- [ RunTime:0.000551s ]
ERR: 无法加载模块:Public

[ 2017-11-15T14:46:05+08:00 ] 127.0.0.1 /Public/index_files/patterns/header-profile.png
INFO: [ app_init ] --START--
INFO: Run Behavior\BuildLiteBehavior [ RunTime:0.000022s ]
INFO: [ app_init ] --END-- [ RunTime:0.000576s ]
ERR: 无法加载模块:Public

[ 2017-11-15T14:46:36+08:00 ] 127.0.0.1 /Public/index_files/bootstrap.min.css.map
INFO: [ app_init ] --START--
INFO: Run Behavior\BuildLiteBehavior [ RunTime:0.000020s ]
INFO: [ app_init ] --END-- [ RunTime:0.000482s ]
ERR: 无法加载模块:Public

[ 2017-11-15T14:46:36+08:00 ] 127.0.0.1 /Public/index_files/patterns/header-profile.png
INFO: [ app_init ] --START--
INFO: Run Behavior\BuildLiteBehavior [ RunTime:0.000020s ]
INFO: [ app_init ] --END-- [ RunTime:0.000554s ]
ERR: 无法加载模块:Public

[ 2017-11-15T14:46:38+08:00 ] 127.0.0.1 /Public/index_files/patterns/header-profile.png
INFO: [ app_init ] --START--
INFO: Run Behavior\BuildLiteBehavior [ RunTime:0.000035s ]
INFO: [ app_init ] --END-- [ RunTime:0.000987s ]
ERR: 无法加载模块:Public

[ 2017-11-15T14:46:38+08:00 ] 127.0.0.1 /Public/index_files/bootstrap.min.css.map
INFO: [ app_init ] --START--
INFO: Run Behavior\BuildLiteBehavior [ RunTime:0.000021s ]
INFO: [ app_init ] --END-- [ RunTime:0.000566s ]
ERR: 无法加载模块:Public

[ 2017-11-15T14:46:47+08:00 ] 127.0.0.1 /Public/index_files/patterns/header-profile.png
INFO: [ app_init ] --START--
INFO: Run Behavior\BuildLiteBehavior [ RunTime:0.000013s ]
INFO: [ app_init ] --END-- [ RunTime:0.000303s ]
ERR: 无法加载模块:Public

[ 2017-11-15T14:46:55+08:00 ] 127.0.0.1 /Public/index_files/bootstrap.min.css.map
INFO: [ app_init ] --START--
INFO: Run Behavior\BuildLiteBehavior [ RunTime:0.000016s ]
INFO: [ app_init ] --END-- [ RunTime:0.000608s ]
ERR: 无法加载模块:Public

[ 2017-11-15T14:47:44+08:00 ] 127.0.0.1 /Public/index_files/patterns/header-profile.png
INFO: [ app_init ] --START--
INFO: Run Behavior\BuildLiteBehavior [ RunTime:0.000027s ]
INFO: [ app_init ] --END-- [ RunTime:0.000677s ]
ERR: 无法加载模块:Public

[ 2017-11-15T14:47:48+08:00 ] 127.0.0.1 /Public/index_files/bootstrap.min.css.map
INFO: [ app_init ] --START--
INFO: Run Behavior\BuildLiteBehavior [ RunTime:0.000022s ]
INFO: [ app_init ] --END-- [ RunTime:0.000501s ]
ERR: 无法加载模块:Public

[ 2017-11-15T14:48:21+08:00 ] 127.0.0.1 /Public/index_files/bootstrap.min.css.map
INFO: [ app_init ] --START--
INFO: Run Behavior\BuildLiteBehavior [ RunTime:0.000023s ]
INFO: [ app_init ] --END-- [ RunTime:0.000591s ]
ERR: 无法加载模块:Public

[ 2017-11-15T14:48:21+08:00 ] 127.0.0.1 /Public/index_files/patterns/header-profile.png
INFO: [ app_init ] --START--
INFO: Run Behavior\BuildLiteBehavior [ RunTime:0.000020s ]
INFO: [ app_init ] --END-- [ RunTime:0.000653s ]
ERR: 无法加载模块:Public

[ 2017-11-15T14:49:41+08:00 ] 127.0.0.1 /Public/index_files/bootstrap.min.css.map
INFO: [ app_init ] --START--
INFO: Run Behavior\BuildLiteBehavior [ RunTime:0.000021s ]
INFO: [ app_init ] --END-- [ RunTime:0.000493s ]
ERR: 无法加载模块:Public

[ 2017-11-15T14:49:41+08:00 ] 127.0.0.1 /Public/index_files/patterns/header-profile.png
INFO: [ app_init ] --START--
INFO: Run Behavior\BuildLiteBehavior [ RunTime:0.000019s ]
INFO: [ app_init ] --END-- [ RunTime:0.000486s ]
ERR: 无法加载模块:Public

[ 2017-11-15T14:50:04+08:00 ] 127.0.0.1 /Public/index_files/bootstrap.min.css.map
INFO: [ app_init ] --START--
INFO: Run Behavior\BuildLiteBehavior [ RunTime:0.000020s ]
INFO: [ app_init ] --END-- [ RunTime:0.000528s ]
ERR: 无法加载模块:Public

[ 2017-11-15T14:50:04+08:00 ] 127.0.0.1 /Public/index_files/patterns/header-profile.png
INFO: [ app_init ] --START--
INFO: Run Behavior\BuildLiteBehavior [ RunTime:0.000024s ]
INFO: [ app_init ] --END-- [ RunTime:0.000687s ]
ERR: 无法加载模块:Public

[ 2017-11-15T14:52:02+08:00 ] 127.0.0.1 /Public/index_files/patterns/header-profile.png
INFO: [ app_init ] --START--
INFO: Run Behavior\BuildLiteBehavior [ RunTime:0.000020s ]
INFO: [ app_init ] --END-- [ RunTime:0.000442s ]
ERR: 无法加载模块:Public

[ 2017-11-15T14:52:02+08:00 ] 127.0.0.1 /Public/index_files/bootstrap.min.css.map
INFO: [ app_init ] --START--
INFO: Run Behavior\BuildLiteBehavior [ RunTime:0.000050s ]
INFO: [ app_init ] --END-- [ RunTime:0.000879s ]
ERR: 无法加载模块:Public

[ 2017-11-15T14:52:14+08:00 ] 127.0.0.1 /Public/index_files/bootstrap.min.css.map
INFO: [ app_init ] --START--
INFO: Run Behavior\BuildLiteBehavior [ RunTime:0.000021s ]
INFO: [ app_init ] --END-- [ RunTime:0.000531s ]
ERR: 无法加载模块:Public

[ 2017-11-15T14:52:14+08:00 ] 127.0.0.1 /Public/index_files/patterns/header-profile.png
INFO: [ app_init ] --START--
INFO: Run Behavior\BuildLiteBehavior [ RunTime:0.000020s ]
INFO: [ app_init ] --END-- [ RunTime:0.000465s ]
ERR: 无法加载模块:Public

[ 2017-11-15T14:52:27+08:00 ] 127.0.0.1 /Public/index_files/bootstrap.min.css.map
INFO: [ app_init ] --START--
INFO: Run Behavior\BuildLiteBehavior [ RunTime:0.000023s ]
INFO: [ app_init ] --END-- [ RunTime:0.000564s ]
ERR: 无法加载模块:Public

[ 2017-11-15T14:52:27+08:00 ] 127.0.0.1 /Public/index_files/patterns/header-profile.png
INFO: [ app_init ] --START--
INFO: Run Behavior\BuildLiteBehavior [ RunTime:0.000018s ]
INFO: [ app_init ] --END-- [ RunTime:0.000448s ]
ERR: 无法加载模块:Public

[ 2017-11-15T14:53:28+08:00 ] 127.0.0.1 /Public/index_files/patterns/header-profile.png
INFO: [ app_init ] --START--
INFO: Run Behavior\BuildLiteBehavior [ RunTime:0.000018s ]
INFO: [ app_init ] --END-- [ RunTime:0.000462s ]
ERR: 无法加载模块:Public

[ 2017-11-15T14:54:04+08:00 ] 127.0.0.1 /Public/index_files/patterns/header-profile.png
INFO: [ app_init ] --START--
INFO: Run Behavior\BuildLiteBehavior [ RunTime:0.000020s ]
INFO: [ app_init ] --END-- [ RunTime:0.000469s ]
ERR: 无法加载模块:Public

[ 2017-11-15T14:54:04+08:00 ] 127.0.0.1 /Public/index_files/bootstrap.min.css.map
INFO: [ app_init ] --START--
INFO: Run Behavior\BuildLiteBehavior [ RunTime:0.000042s ]
INFO: [ app_init ] --END-- [ RunTime:0.001214s ]
ERR: 无法加载模块:Public

[ 2017-11-15T14:54:29+08:00 ] 127.0.0.1 /Public/index_files/patterns/header-profile.png
INFO: [ app_init ] --START--
INFO: Run Behavior\BuildLiteBehavior [ RunTime:0.000019s ]
INFO: [ app_init ] --END-- [ RunTime:0.000509s ]
ERR: 无法加载模块:Public

[ 2017-11-15T14:54:29+08:00 ] 127.0.0.1 /Public/index_files/bootstrap.min.css.map
INFO: [ app_init ] --START--
INFO: Run Behavior\BuildLiteBehavior [ RunTime:0.000019s ]
INFO: [ app_init ] --END-- [ RunTime:0.000470s ]
ERR: 无法加载模块:Public

[ 2017-11-15T14:56:37+08:00 ] 127.0.0.1 /Public/index_files/patterns/header-profile.png
INFO: [ app_init ] --START--
INFO: Run Behavior\BuildLiteBehavior [ RunTime:0.000013s ]
INFO: [ app_init ] --END-- [ RunTime:0.000321s ]
ERR: 无法加载模块:Public

[ 2017-11-15T14:56:37+08:00 ] 127.0.0.1 /Public/index_files/bootstrap.min.css.map
INFO: [ app_init ] --START--
INFO: Run Behavior\BuildLiteBehavior [ RunTime:0.000017s ]
INFO: [ app_init ] --END-- [ RunTime:0.000542s ]
ERR: 无法加载模块:Public

[ 2017-11-15T14:57:00+08:00 ] 127.0.0.1 /Public/index_files/patterns/header-profile.png
INFO: [ app_init ] --START--
INFO: Run Behavior\BuildLiteBehavior [ RunTime:0.000029s ]
INFO: [ app_init ] --END-- [ RunTime:0.000759s ]
ERR: 无法加载模块:Public

[ 2017-11-15T14:57:00+08:00 ] 127.0.0.1 /Public/index_files/bootstrap.min.css.map
INFO: [ app_init ] --START--
INFO: Run Behavior\BuildLiteBehavior [ RunTime:0.000022s ]
INFO: [ app_init ] --END-- [ RunTime:0.000365s ]
ERR: 无法加载模块:Public

[ 2017-11-15T14:58:33+08:00 ] 127.0.0.1 /Public/index_files/patterns/header-profile.png
INFO: [ app_init ] --START--
INFO: Run Behavior\BuildLiteBehavior [ RunTime:0.000019s ]
INFO: [ app_init ] --END-- [ RunTime:0.000499s ]
ERR: 无法加载模块:Public

[ 2017-11-15T14:58:33+08:00 ] 127.0.0.1 /Public/index_files/bootstrap.min.css.map
INFO: [ app_init ] --START--
INFO: Run Behavior\BuildLiteBehavior [ RunTime:0.000017s ]
INFO: [ app_init ] --END-- [ RunTime:0.000471s ]
ERR: 无法加载模块:Public

[ 2017-11-15T14:58:46+08:00 ] 127.0.0.1 /Public/index_files/patterns/header-profile.png
INFO: [ app_init ] --START--
INFO: Run Behavior\BuildLiteBehavior [ RunTime:0.000016s ]
INFO: [ app_init ] --END-- [ RunTime:0.000415s ]
ERR: 无法加载模块:Public

[ 2017-11-15T14:58:46+08:00 ] 127.0.0.1 /Public/index_files/bootstrap.min.css.map
INFO: [ app_init ] --START--
INFO: Run Behavior\BuildLiteBehavior [ RunTime:0.000022s ]
INFO: [ app_init ] --END-- [ RunTime:0.000557s ]
ERR: 无法加载模块:Public

[ 2017-11-15T14:58:51+08:00 ] 127.0.0.1 /Public/index_files/patterns/header-profile.png
INFO: [ app_init ] --START--
INFO: Run Behavior\BuildLiteBehavior [ RunTime:0.000025s ]
INFO: [ app_init ] --END-- [ RunTime:0.000667s ]
ERR: 无法加载模块:Public

[ 2017-11-15T14:58:51+08:00 ] 127.0.0.1 /Public/index_files/bootstrap.min.css.map
INFO: [ app_init ] --START--
INFO: Run Behavior\BuildLiteBehavior [ RunTime:0.000018s ]
INFO: [ app_init ] --END-- [ RunTime:0.000426s ]
ERR: 无法加载模块:Public

[ 2017-11-15T14:59:54+08:00 ] 127.0.0.1 /Public/index_files/patterns/header-profile.png
INFO: [ app_init ] --START--
INFO: Run Behavior\BuildLiteBehavior [ RunTime:0.000049s ]
INFO: [ app_init ] --END-- [ RunTime:0.001234s ]
ERR: 无法加载模块:Public

[ 2017-11-15T14:59:54+08:00 ] 127.0.0.1 /Public/index_files/bootstrap.min.css.map
INFO: [ app_init ] --START--
INFO: Run Behavior\BuildLiteBehavior [ RunTime:0.000020s ]
INFO: [ app_init ] --END-- [ RunTime:0.000492s ]
ERR: 无法加载模块:Public

[ 2017-11-15T15:05:39+08:00 ] 127.0.0.1 /Public/index_files/patterns/header-profile.png
INFO: [ app_init ] --START--
INFO: Run Behavior\BuildLiteBehavior [ RunTime:0.000018s ]
INFO: [ app_init ] --END-- [ RunTime:0.000636s ]
ERR: 无法加载模块:Public

[ 2017-11-15T15:05:39+08:00 ] 127.0.0.1 /Public/index_files/bootstrap.min.css.map
INFO: [ app_init ] --START--
INFO: Run Behavior\BuildLiteBehavior [ RunTime:0.000023s ]
INFO: [ app_init ] --END-- [ RunTime:0.000570s ]
ERR: 无法加载模块:Public

[ 2017-11-15T15:05:53+08:00 ] 127.0.0.1 /Public/index_files/patterns/header-profile.png
INFO: [ app_init ] --START--
INFO: Run Behavior\BuildLiteBehavior [ RunTime:0.000020s ]
INFO: [ app_init ] --END-- [ RunTime:0.000518s ]
ERR: 无法加载模块:Public

[ 2017-11-15T15:05:53+08:00 ] 127.0.0.1 /Public/index_files/bootstrap.min.css.map
INFO: [ app_init ] --START--
INFO: Run Behavior\BuildLiteBehavior [ RunTime:0.000018s ]
INFO: [ app_init ] --END-- [ RunTime:0.000442s ]
ERR: 无法加载模块:Public

[ 2017-11-15T15:06:59+08:00 ] 127.0.0.1 /Public/index_files/patterns/header-profile.png
INFO: [ app_init ] --START--
INFO: Run Behavior\BuildLiteBehavior [ RunTime:0.000022s ]
INFO: [ app_init ] --END-- [ RunTime:0.000554s ]
ERR: 无法加载模块:Public

[ 2017-11-15T15:06:59+08:00 ] 127.0.0.1 /Public/index_files/bootstrap.min.css.map
INFO: [ app_init ] --START--
INFO: Run Behavior\BuildLiteBehavior [ RunTime:0.000013s ]
INFO: [ app_init ] --END-- [ RunTime:0.000324s ]
ERR: 无法加载模块:Public

[ 2017-11-15T15:07:34+08:00 ] 127.0.0.1 /Public/index_files/patterns/header-profile.png
INFO: [ app_init ] --START--
INFO: Run Behavior\BuildLiteBehavior [ RunTime:0.000030s ]
INFO: [ app_init ] --END-- [ RunTime:0.000569s ]
ERR: 无法加载模块:Public

[ 2017-11-15T15:07:34+08:00 ] 127.0.0.1 /Public/index_files/bootstrap.min.css.map
INFO: [ app_init ] --START--
INFO: Run Behavior\BuildLiteBehavior [ RunTime:0.000023s ]
INFO: [ app_init ] --END-- [ RunTime:0.000436s ]
ERR: 无法加载模块:Public

[ 2017-11-15T15:07:41+08:00 ] 127.0.0.1 /Public/index_files/patterns/header-profile.png
INFO: [ app_init ] --START--
INFO: Run Behavior\BuildLiteBehavior [ RunTime:0.000045s ]
INFO: [ app_init ] --END-- [ RunTime:0.000799s ]
ERR: 无法加载模块:Public

[ 2017-11-15T15:07:41+08:00 ] 127.0.0.1 /Public/index_files/bootstrap.min.css.map
INFO: [ app_init ] --START--
INFO: Run Behavior\BuildLiteBehavior [ RunTime:0.000021s ]
INFO: [ app_init ] --END-- [ RunTime:0.000472s ]
ERR: 无法加载模块:Public

[ 2017-11-15T15:07:45+08:00 ] 127.0.0.1 /Public/index_files/patterns/header-profile.png
INFO: [ app_init ] --START--
INFO: Run Behavior\BuildLiteBehavior [ RunTime:0.000015s ]
INFO: [ app_init ] --END-- [ RunTime:0.000401s ]
ERR: 无法加载模块:Public

[ 2017-11-15T15:07:45+08:00 ] 127.0.0.1 /Public/index_files/bootstrap.min.css.map
INFO: [ app_init ] --START--
INFO: Run Behavior\BuildLiteBehavior [ RunTime:0.000018s ]
INFO: [ app_init ] --END-- [ RunTime:0.000456s ]
ERR: 无法加载模块:Public

[ 2017-11-15T15:12:04+08:00 ] 127.0.0.1 /Public/index_files/patterns/header-profile.png
INFO: [ app_init ] --START--
INFO: Run Behavior\BuildLiteBehavior [ RunTime:0.000026s ]
INFO: [ app_init ] --END-- [ RunTime:0.000669s ]
ERR: 无法加载模块:Public

[ 2017-11-15T15:12:04+08:00 ] 127.0.0.1 /Public/index_files/bootstrap.min.css.map
INFO: [ app_init ] --START--
INFO: Run Behavior\BuildLiteBehavior [ RunTime:0.000032s ]
INFO: [ app_init ] --END-- [ RunTime:0.000721s ]
ERR: 无法加载模块:Public

[ 2017-11-15T15:13:10+08:00 ] 127.0.0.1 /Public/index_files/patterns/header-profile.png
INFO: [ app_init ] --START--
INFO: Run Behavior\BuildLiteBehavior [ RunTime:0.000018s ]
INFO: [ app_init ] --END-- [ RunTime:0.000422s ]
ERR: 无法加载模块:Public

[ 2017-11-15T15:13:10+08:00 ] 127.0.0.1 /Public/index_files/bootstrap.min.css.map
INFO: [ app_init ] --START--
INFO: Run Behavior\BuildLiteBehavior [ RunTime:0.000014s ]
INFO: [ app_init ] --END-- [ RunTime:0.000334s ]
ERR: 无法加载模块:Public

[ 2017-11-15T15:13:16+08:00 ] 127.0.0.1 /Public/index_files/patterns/header-profile.png
INFO: [ app_init ] --START--
INFO: Run Behavior\BuildLiteBehavior [ RunTime:0.000019s ]
INFO: [ app_init ] --END-- [ RunTime:0.000490s ]
ERR: 无法加载模块:Public

[ 2017-11-15T15:13:16+08:00 ] 127.0.0.1 /Public/index_files/bootstrap.min.css.map
INFO: [ app_init ] --START--
INFO: Run Behavior\BuildLiteBehavior [ RunTime:0.000014s ]
INFO: [ app_init ] --END-- [ RunTime:0.000345s ]
ERR: 无法加载模块:Public

[ 2017-11-15T15:13:18+08:00 ] 127.0.0.1 /Public/index_files/patterns/header-profile.png
INFO: [ app_init ] --START--
INFO: Run Behavior\BuildLiteBehavior [ RunTime:0.000018s ]
INFO: [ app_init ] --END-- [ RunTime:0.000359s ]
ERR: 无法加载模块:Public

[ 2017-11-15T15:13:19+08:00 ] 127.0.0.1 /Public/index_files/bootstrap.min.css.map
INFO: [ app_init ] --START--
INFO: Run Behavior\BuildLiteBehavior [ RunTime:0.000019s ]
INFO: [ app_init ] --END-- [ RunTime:0.000508s ]
ERR: 无法加载模块:Public

[ 2017-11-15T15:13:22+08:00 ] 127.0.0.1 /denglu_files/logo.png
INFO: [ app_init ] --START--
INFO: Run Behavior\BuildLiteBehavior [ RunTime:0.000022s ]
INFO: [ app_init ] --END-- [ RunTime:0.000574s ]
ERR: 无法加载模块:Denglu_files

[ 2017-11-15T15:13:22+08:00 ] 127.0.0.1 /Public/denglu_files/bootstrap.min.css.map
INFO: [ app_init ] --START--
INFO: Run Behavior\BuildLiteBehavior [ RunTime:0.000032s ]
INFO: [ app_init ] --END-- [ RunTime:0.000921s ]
ERR: 无法加载模块:Public

[ 2017-11-15T15:13:31+08:00 ] 127.0.0.1 /Public/index_files/patterns/header-profile.png
INFO: [ app_init ] --START--
INFO: Run Behavior\BuildLiteBehavior [ RunTime:0.000021s ]
INFO: [ app_init ] --END-- [ RunTime:0.000540s ]
ERR: 无法加载模块:Public

[ 2017-11-15T15:13:31+08:00 ] 127.0.0.1 /Public/index_files/bootstrap.min.css.map
INFO: [ app_init ] --START--
INFO: Run Behavior\BuildLiteBehavior [ RunTime:0.000021s ]
INFO: [ app_init ] --END-- [ RunTime:0.000489s ]
ERR: 无法加载模块:Public

[ 2017-11-15T15:13:34+08:00 ] 127.0.0.1 /Public/denglu_files/bootstrap.min.css.map
INFO: [ app_init ] --START--
INFO: Run Behavior\BuildLiteBehavior [ RunTime:0.000014s ]
INFO: [ app_init ] --END-- [ RunTime:0.000312s ]
ERR: 无法加载模块:Public

[ 2017-11-15T15:13:39+08:00 ] 127.0.0.1 /Public/index_files/patterns/header-profile.png
INFO: [ app_init ] --START--
INFO: Run Behavior\BuildLiteBehavior [ RunTime:0.000021s ]
INFO: [ app_init ] --END-- [ RunTime:0.000518s ]
ERR: 无法加载模块:Public

[ 2017-11-15T15:13:39+08:00 ] 127.0.0.1 /Public/index_files/bootstrap.min.css.map
INFO: [ app_init ] --START--
INFO: Run Behavior\BuildLiteBehavior [ RunTime:0.000017s ]
INFO: [ app_init ] --END-- [ RunTime:0.000434s ]
ERR: 无法加载模块:Public

[ 2017-11-15T15:13:49+08:00 ] 127.0.0.1 /Public/index_files/patterns/header-profile.png
INFO: [ app_init ] --START--
INFO: Run Behavior\BuildLiteBehavior [ RunTime:0.000014s ]
INFO: [ app_init ] --END-- [ RunTime:0.000331s ]
ERR: 无法加载模块:Public

[ 2017-11-15T15:13:49+08:00 ] 127.0.0.1 /Public/index_files/bootstrap.min.css.map
INFO: [ app_init ] --START--
INFO: Run Behavior\BuildLiteBehavior [ RunTime:0.000021s ]
INFO: [ app_init ] --END-- [ RunTime:0.000496s ]
ERR: 无法加载模块:Public

[ 2017-11-15T15:13:52+08:00 ] 127.0.0.1 /Public/index_files/patterns/header-profile.png
INFO: [ app_init ] --START--
INFO: Run Behavior\BuildLiteBehavior [ RunTime:0.000021s ]
INFO: [ app_init ] --END-- [ RunTime:0.000487s ]
ERR: 无法加载模块:Public

[ 2017-11-15T15:13:52+08:00 ] 127.0.0.1 /Public/index_files/bootstrap.min.css.map
INFO: [ app_init ] --START--
INFO: Run Behavior\BuildLiteBehavior [ RunTime:0.000014s ]
INFO: [ app_init ] --END-- [ RunTime:0.000335s ]
ERR: 无法加载模块:Public

[ 2017-11-15T15:14:06+08:00 ] 127.0.0.1 /Public/index_files/patterns/header-profile.png
INFO: [ app_init ] --START--
INFO: Run Behavior\BuildLiteBehavior [ RunTime:0.000023s ]
INFO: [ app_init ] --END-- [ RunTime:0.000585s ]
ERR: 无法加载模块:Public

[ 2017-11-15T15:14:06+08:00 ] 127.0.0.1 /Public/index_files/bootstrap.min.css.map
INFO: [ app_init ] --START--
INFO: Run Behavior\BuildLiteBehavior [ RunTime:0.000014s ]
INFO: [ app_init ] --END-- [ RunTime:0.000373s ]
ERR: 无法加载模块:Public

[ 2017-11-15T15:14:14+08:00 ] 127.0.0.1 /Public/index_files/patterns/header-profile.png
INFO: [ app_init ] --START--
INFO: Run Behavior\BuildLiteBehavior [ RunTime:0.000014s ]
INFO: [ app_init ] --END-- [ RunTime:0.000323s ]
ERR: 无法加载模块:Public

[ 2017-11-15T15:14:14+08:00 ] 127.0.0.1 /Public/index_files/bootstrap.min.css.map
INFO: [ app_init ] --START--
INFO: Run Behavior\BuildLiteBehavior [ RunTime:0.000020s ]
INFO: [ app_init ] --END-- [ RunTime:0.000358s ]
ERR: 无法加载模块:Public

[ 2017-11-15T15:14:20+08:00 ] 127.0.0.1 /Public/index_files/patterns/header-profile.png
INFO: [ app_init ] --START--
INFO: Run Behavior\BuildLiteBehavior [ RunTime:0.000015s ]
INFO: [ app_init ] --END-- [ RunTime:0.000489s ]
ERR: 无法加载模块:Public

[ 2017-11-15T15:14:20+08:00 ] 127.0.0.1 /Public/index_files/bootstrap.min.css.map
INFO: [ app_init ] --START--
INFO: Run Behavior\BuildLiteBehavior [ RunTime:0.000019s ]
INFO: [ app_init ] --END-- [ RunTime:0.000462s ]
ERR: 无法加载模块:Public

[ 2017-11-15T15:14:29+08:00 ] 127.0.0.1 /Public/index_files/patterns/header-profile.png
INFO: [ app_init ] --START--
INFO: Run Behavior\BuildLiteBehavior [ RunTime:0.000018s ]
INFO: [ app_init ] --END-- [ RunTime:0.000455s ]
ERR: 无法加载模块:Public

[ 2017-11-15T15:14:29+08:00 ] 127.0.0.1 /Public/index_files/bootstrap.min.css.map
INFO: [ app_init ] --START--
INFO: Run Behavior\BuildLiteBehavior [ RunTime:0.000041s ]
INFO: [ app_init ] --END-- [ RunTime:0.000929s ]
ERR: 无法加载模块:Public

[ 2017-11-15T15:14:32+08:00 ] 127.0.0.1 /Public/index_files/patterns/header-profile.png
INFO: [ app_init ] --START--
INFO: Run Behavior\BuildLiteBehavior [ RunTime:0.000020s ]
INFO: [ app_init ] --END-- [ RunTime:0.000468s ]
ERR: 无法加载模块:Public

[ 2017-11-15T15:14:32+08:00 ] 127.0.0.1 /Public/index_files/bootstrap.min.css.map
INFO: [ app_init ] --START--
INFO: Run Behavior\BuildLiteBehavior [ RunTime:0.000015s ]
INFO: [ app_init ] --END-- [ RunTime:0.000341s ]
ERR: 无法加载模块:Public

[ 2017-11-15T15:14:36+08:00 ] 127.0.0.1 /Public/index_files/patterns/header-profile.png
INFO: [ app_init ] --START--
INFO: Run Behavior\BuildLiteBehavior [ RunTime:0.000013s ]
INFO: [ app_init ] --END-- [ RunTime:0.000317s ]
ERR: 无法加载模块:Public

[ 2017-11-15T15:14:37+08:00 ] 127.0.0.1 /Public/index_files/bootstrap.min.css.map
INFO: [ app_init ] --START--
INFO: Run Behavior\BuildLiteBehavior [ RunTime:0.000019s ]
INFO: [ app_init ] --END-- [ RunTime:0.000486s ]
ERR: 无法加载模块:Public

[ 2017-11-15T15:14:40+08:00 ] 127.0.0.1 /Public/index_files/patterns/header-profile.png
INFO: [ app_init ] --START--
INFO: Run Behavior\BuildLiteBehavior [ RunTime:0.000027s ]
INFO: [ app_init ] --END-- [ RunTime:0.000857s ]
ERR: 无法加载模块:Public

[ 2017-11-15T15:14:40+08:00 ] 127.0.0.1 /Public/index_files/bootstrap.min.css.map
INFO: [ app_init ] --START--
INFO: Run Behavior\BuildLiteBehavior [ RunTime:0.000018s ]
INFO: [ app_init ] --END-- [ RunTime:0.000502s ]
ERR: 无法加载模块:Public

[ 2017-11-15T15:15:01+08:00 ] 127.0.0.1 /Public/index_files/patterns/header-profile.png
INFO: [ app_init ] --START--
INFO: Run Behavior\BuildLiteBehavior [ RunTime:0.000020s ]
INFO: [ app_init ] --END-- [ RunTime:0.000495s ]
ERR: 无法加载模块:Public

[ 2017-11-15T15:15:01+08:00 ] 127.0.0.1 /Public/index_files/bootstrap.min.css.map
INFO: [ app_init ] --START--
INFO: Run Behavior\BuildLiteBehavior [ RunTime:0.000021s ]
INFO: [ app_init ] --END-- [ RunTime:0.000474s ]
ERR: 无法加载模块:Public

[ 2017-11-15T15:15:03+08:00 ] 127.0.0.1 /Public/index_files/patterns/header-profile.png
INFO: [ app_init ] --START--
INFO: Run Behavior\BuildLiteBehavior [ RunTime:0.000013s ]
INFO: [ app_init ] --END-- [ RunTime:0.000334s ]
ERR: 无法加载模块:Public

[ 2017-11-15T15:15:03+08:00 ] 127.0.0.1 /Public/index_files/bootstrap.min.css.map
INFO: [ app_init ] --START--
INFO: Run Behavior\BuildLiteBehavior [ RunTime:0.000018s ]
INFO: [ app_init ] --END-- [ RunTime:0.000423s ]
ERR: 无法加载模块:Public

[ 2017-11-15T15:15:09+08:00 ] 127.0.0.1 /Public/index_files/patterns/header-profile.png
INFO: [ app_init ] --START--
INFO: Run Behavior\BuildLiteBehavior [ RunTime:0.000017s ]
INFO: [ app_init ] --END-- [ RunTime:0.000445s ]
ERR: 无法加载模块:Public

[ 2017-11-15T15:15:09+08:00 ] 127.0.0.1 /Public/index_files/bootstrap.min.css.map
INFO: [ app_init ] --START--
INFO: Run Behavior\BuildLiteBehavior [ RunTime:0.000021s ]
INFO: [ app_init ] --END-- [ RunTime:0.000493s ]
ERR: 无法加载模块:Public

[ 2017-11-15T15:15:17+08:00 ] 127.0.0.1 /Public/index_files/patterns/header-profile.png
INFO: [ app_init ] --START--
INFO: Run Behavior\BuildLiteBehavior [ RunTime:0.000017s ]
INFO: [ app_init ] --END-- [ RunTime:0.000420s ]
ERR: 无法加载模块:Public

[ 2017-11-15T15:15:21+08:00 ] 127.0.0.1 /Public/index_files/patterns/header-profile.png
INFO: [ app_init ] --START--
INFO: Run Behavior\BuildLiteBehavior [ RunTime:0.000019s ]
INFO: [ app_init ] --END-- [ RunTime:0.000477s ]
ERR: 无法加载模块:Public

[ 2017-11-15T15:15:30+08:00 ] 127.0.0.1 /Public/index_files/patterns/header-profile.png
INFO: [ app_init ] --START--
INFO: Run Behavior\BuildLiteBehavior [ RunTime:0.000030s ]
INFO: [ app_init ] --END-- [ RunTime:0.000764s ]
ERR: 无法加载模块:Public

[ 2017-11-15T15:15:33+08:00 ] 127.0.0.1 /Public/index_files/patterns/header-profile.png
INFO: [ app_init ] --START--
INFO: Run Behavior\BuildLiteBehavior [ RunTime:0.000024s ]
INFO: [ app_init ] --END-- [ RunTime:0.000603s ]
ERR: 无法加载模块:Public

[ 2017-11-15T15:16:14+08:00 ] 127.0.0.1 /Public/index_files/patterns/header-profile.png
INFO: [ app_init ] --START--
INFO: Run Behavior\BuildLiteBehavior [ RunTime:0.000018s ]
INFO: [ app_init ] --END-- [ RunTime:0.000487s ]
ERR: 无法加载模块:Public

[ 2017-11-15T15:16:31+08:00 ] 127.0.0.1 /Public/index_files/patterns/header-profile.png
INFO: [ app_init ] --START--
INFO: Run Behavior\BuildLiteBehavior [ RunTime:0.000018s ]
INFO: [ app_init ] --END-- [ RunTime:0.000449s ]
ERR: 无法加载模块:Public

[ 2017-11-15T15:16:33+08:00 ] 127.0.0.1 /Public/index_files/patterns/header-profile.png
INFO: [ app_init ] --START--
INFO: Run Behavior\BuildLiteBehavior [ RunTime:0.000015s ]
INFO: [ app_init ] --END-- [ RunTime:0.000340s ]
ERR: 无法加载模块:Public

[ 2017-11-15T15:16:36+08:00 ] 127.0.0.1 /Public/index_files/patterns/header-profile.png
INFO: [ app_init ] --START--
INFO: Run Behavior\BuildLiteBehavior [ RunTime:0.000026s ]
INFO: [ app_init ] --END-- [ RunTime:0.000544s ]
ERR: 无法加载模块:Public

[ 2017-11-15T16:02:55+08:00 ] 127.0.0.1 /Public/index_files/patterns/header-profile.png
ERR: 无法加载模块:Public

[ 2017-11-15T16:02:56+08:00 ] 127.0.0.1 /Public/index_files/bootstrap.min.css.map
ERR: 无法加载模块:Public

[ 2017-11-15T16:02:59+08:00 ] 127.0.0.1 /Public/index_files/patterns/header-profile.png
ERR: 无法加载模块:Public

[ 2017-11-15T16:02:59+08:00 ] 127.0.0.1 /Public/index_files/bootstrap.min.css.map
ERR: 无法加载模块:Public

[ 2017-11-15T16:03:01+08:00 ] 127.0.0.1 /Public/index_files/patterns/header-profile.png
ERR: 无法加载模块:Public

[ 2017-11-15T16:03:01+08:00 ] 127.0.0.1 /Public/index_files/bootstrap.min.css.map
ERR: 无法加载模块:Public

[ 2017-11-15T16:03:04+08:00 ] 127.0.0.1 /Public/index_files/patterns/header-profile.png
ERR: 无法加载模块:Public

[ 2017-11-15T16:03:04+08:00 ] 127.0.0.1 /Public/index_files/bootstrap.min.css.map
ERR: 无法加载模块:Public

[ 2017-11-15T16:03:07+08:00 ] 127.0.0.1 /Public/index_files/patterns/header-profile.png
ERR: 无法加载模块:Public

[ 2017-11-15T16:03:07+08:00 ] 127.0.0.1 /Public/index_files/bootstrap.min.css.map
ERR: 无法加载模块:Public

[ 2017-11-15T16:03:32+08:00 ] 127.0.0.1 /Public/index_files/patterns/header-profile.png
ERR: 无法加载模块:Public

[ 2017-11-15T16:05:01+08:00 ] 127.0.0.1 /Public/index_files/patterns/header-profile.png
ERR: 无法加载模块:Public

[ 2017-11-15T16:05:16+08:00 ] 127.0.0.1 /Public/index_files/patterns/header-profile.png
ERR: 无法加载模块:Public

[ 2017-11-15T16:05:19+08:00 ] 127.0.0.1 /Public/index_files/patterns/header-profile.png
ERR: 无法加载模块:Public

[ 2017-11-15T16:05:21+08:00 ] 127.0.0.1 /Public/index_files/patterns/header-profile.png
ERR: 无法加载模块:Public

[ 2017-11-15T16:05:28+08:00 ] 127.0.0.1 /Public/index_files/patterns/header-profile.png
ERR: 无法加载模块:Public

[ 2017-11-15T16:07:15+08:00 ] 127.0.0.1 /stroage
ERR: 无法加载模块:Stroage

[ 2017-11-15T16:07:25+08:00 ] 127.0.0.1 /index.php/stroage
ERR: 无法加载模块:Stroage

[ 2017-11-15T16:07:58+08:00 ] 127.0.0.1 /Public/index_files/patterns/header-profile.png
ERR: 无法加载模块:Public

[ 2017-11-15T16:43:32+08:00 ] 127.0.0.1 /Public/index_files/patterns/header-profile.png
ERR: 无法加载模块:Public

